当前配置文件：E:\pycharmprojects\panda_grasp_sim_2-main_v10\runs\control_panel_configs\panel_launch_20260504_025906_978765.json
实验运行目录：E:\pycharmprojects\panda_grasp_sim_2-main_v10\runs\run_20260504_025908_616577_seed20260503
已保留前面记录，并保留当前组前 0 次记录，将从 随机尺寸 - 第三组：3个正方体 + 2个圆柱体 第 1 次重新开始。

============================================================
开始实验：随机尺寸 - 第三组：3个正方体 + 2个圆柱体，第 1/10 次
物块组合：['cube', 'cube', 'cube', 'cylinder', 'cylinder']
尺寸模式：随机尺寸 / random
本次实验随机种子：20268503
============================================================
self.urdfs_filename =  ['cube\\cube_0.urdf', 'cube\\cube_1.urdf', 'cube\\cube_2.urdf', 'cylinder\\cylinder.urdf', 'cylinder\\cylinder.urdf']
随机缩放比例: [0.87, 0.71, 1.0, 1.19, 0.94]
物块1 已加载: 位置=(-0.152, -0.104, 0.019), 偏航角=-0.415 rad
物块2 已加载: 位置=(0.094, -0.021, 0.016), 偏航角=1.976 rad
物块3 已加载: 位置=(-0.169, 0.045, 0.022), 偏航角=-0.582 rad
物块4 已加载: 位置=(-0.005, 0.021, 0.026), 偏航角=-2.127 rad
物块5 已加载: 位置=(-0.012, -0.139, 0.021), 偏航角=0.074 rad
Auto run enabled: experiment scheduler is active.
>> 渲染相机深度图...
>> depth stats: min=0.450411, max=0.500000, unique~=1844
>> 侧视相机 left RGB 保存: E:\pycharmprojects\panda_grasp_sim_2-main_v10\img\img_urdf\camera_rgb_left.png, success=True
>> 侧视相机 right RGB 保存: E:\pycharmprojects\panda_grasp_sim_2-main_v10\img\img_urdf\camera_rgb_right.png, success=True
>> 渲染结束
Mask 检测到的物块数量: 5/5

==================================================
【仿真环境中的物块信息】
  物块1: 形状=正方体, 颜色=红色, 缩放比例=0.87, 边长=0.0459m, 体积=0.00009659m^3, 位置=(-0.152, -0.104)
  [抓取位姿] 物块1: 物体底部z=-0.0000, 物体高度=0.0348, 抓取点z=0.0200, 末端执行器目标z=0.0670
    -> Mask 抓取候选 (-0.165, -0.112)
  物块2: 形状=正方体, 颜色=绿色, 缩放比例=0.71, 边长=0.0373m, 体积=0.00005186m^3, 位置=(0.094, -0.021)
  [抓取位姿] 物块2: 物体底部z=-0.0000, 物体高度=0.0284, 抓取点z=0.0200, 末端执行器目标z=0.0670
    -> Mask 抓取候选 (0.101, -0.022)
  物块3: 形状=正方体, 颜色=蓝色, 缩放比例=1.00, 边长=0.0554m, 体积=0.00017001m^3, 位置=(-0.169, 0.045)
  [抓取位姿] 物块3: 物体底部z=-0.0000, 物体高度=0.0400, 抓取点z=0.0200, 末端执行器目标z=0.0670
    -> Mask 抓取候选 (-0.185, 0.049)
  物块4: 形状=圆柱体, 颜色=黄色, 缩放比例=1.19, 直径=0.0711m, 高度=0.0516m, 体积=0.00020467m^3, 位置=(-0.005, 0.021)
  [抓取位姿] 物块4: 物体底部z=-0.0010, 物体高度=0.0516, 抓取点z=0.0207, 末端执行器目标z=0.0677
    -> Mask 抓取候选 (-0.007, 0.025)
  物块5: 形状=圆柱体, 颜色=紫色, 缩放比例=0.94, 直径=0.0446m, 高度=0.0416m, 体积=0.00006486m^3, 位置=(-0.012, -0.139)
  [抓取位姿] 物块5: 物体底部z=-0.0010, 物体高度=0.0416, 抓取点z=0.0200, 末端执行器目标z=0.0670
    -> Mask 抓取候选 (-0.014, -0.151)
==================================================

正在询问Moonshot Kimi K2.6直接生成抓取放置动作...
[调试] API URL: https://api.moonshot.cn/v1/chat/completions
[调试] Model: kimi-k2.6
[调试] API Key前缀: sk-esAHere...
[调试] 超时时间: 300秒
[调试] user_content类型: <class 'list'>
[调试] user_content长度: 4
[调试]   item[0] type: text
[调试]   item[1] type: image_url
[调试]   image_url长度: 386522
[调试]   item[2] type: image_url
[调试]   image_url长度: 241390
[调试]   item[3] type: image_url
[调试]   image_url长度: 292762
[调试] 响应状态码: 200
[调试] 响应JSON keys: dict_keys(['id', 'object', 'created', 'model', 'choices', 'usage'])
[调试] Kimi思考模式，reasoning_content长度: 7010

==================================================
【Moonshot Kimi K2.6 动作计划原始返回】
用户要求我作为机械臂抓取与堆叠规划专家，直接返回结构化 JSON 动作计划。

场景中有5个物块，需要给出"抓谁、怎么抓、放到哪里"的动作计划。

物块信息：
1. 红色正方体：位置(-0.152, -0.104)，底面0.0459x0.0459m，高度0.0348m，默认抓取(x=-0.152, y=-0.104, z=0.020, yaw=-0.415, width=0.045)
2. 绿色正方体：位置(0.094, -0.021)，底面0.0373x0.0373m，高度0.0284m，默认抓取(x=0.094, y=-0.021, z=0.020, yaw=-1.166, width=0.034)
3. 蓝色正方体：位置(-0.169, 0.045)，底面0.0554x0.0554m，高度0.0400m，默认抓取(x=-0.169, y=0.045, z=0.020, yaw=-0.582, width=0.050)
4. 黄色圆柱体：位置(-0.005, 0.021)，底面0.0711x0.0711m（直径约0.0711m？），高度0.0516m，默认抓取(x=-0.005, y=0.021, z=0.021, yaw=0.000, width=0.080)
5. 紫色圆柱体：位置(-0.012, -0.139)，底面0.0446x0.0446m，高度0.0416m，默认抓取(x=-0.012, y=-0.139, z=0.020, yaw=0.000, width=0.070)

堆叠目标点建议：place_pose = (x=0.500, y=0.000, z=0.000)

任务结构要求：常规单柱堆叠任务，优先围绕同一个堆叠中心逐层竖直堆叠。

规则：
1. 每个物块只能出现一次
2. 第一个action放在最底层，最后一个放在最上层
3. 优先使用默认抓取候选，只在必要时做小幅调整
4. grasp_pose必须是单次抓取位姿
5. 必须为每个action输出layer_index和slot
6. slot只能是center、left、right、front、back之一
7. 当同一层需要成对放两个物块时，必须使用相同layer_index，并根据结构要求把两个slot写成对应成对槽位
8. left/right或front/back的物块都要围绕同一个堆叠中心对称，且朝向保持平行
9. 只能使用给定的物块编号

分析：
任务说是"单柱堆叠"，但又有slot的要求（center/left/right/front/back）。通常单柱堆叠意味着一层一个物块，都用center。但规则7提到"当同一层需要成对放两个物块时"，说明有时一层可以放两个。不过这里有5个物块，如果单柱堆叠，应该是5层，每层一个，都用center。

但是等等，用户说"常规单柱堆叠任务。优先围绕同一个堆叠中心逐层竖直堆叠。" 这意味着应该是一层一个，共5层，slot都用center。

不过我需要考虑稳定性。通常堆叠时，大的、稳定的放在下面。
按底面积/稳定性排序：
- 黄色圆柱体(4): 底面积0.005050, 高度0.0516, 最宽最高
- 蓝色正方体(3): 底面积0.003069, 高度0.0400
- 紫色圆柱体(5): 底面积0.001985, 高度0.0416
- 红色正方体(1): 底面积0.002105, 高度0.0348
- 绿色正方体(2): 底面积0.001391, 高度0.0284, 最小

等等，红色底面积0.002105 > 紫色0.001985，所以红色比紫色略大。

堆叠顺序（从底到顶）：
底层应该用最宽的，黄色圆柱体(4)最宽，适合底层。
然后蓝色(3)较大，放第二层。
然后红色(1)或紫色(5)。红色底面积0.0021，紫色0.001985，红色略大。但紫色是圆柱体，如果放在正方体上可能不稳，不过可以居中放。
实际上，通常把大的放下面。按底面积：
1. 黄色(4): 0.00505
2. 蓝色(3): 0.00307
3. 红色(1): 0.00211
4. 紫色(5): 0.00199
5. 绿色(2): 0.00139

所以顺序应该是：4 -> 3 -> 1 -> 5 -> 2，或者4 -> 3 -> 5 -> 1 -> 2。但红色比紫色底面积大一点点，且高度较低(0.0348 vs 0.0416)，紫色更高更细长(细长比0.934)，所以紫色应该放上面一些。

另外注意，圆柱体有宽度，抓取width给的是0.080(黄)和0.070(紫)。

place_pose是(x=0.500, y=0.000, z=0.000)。但这只是建议。实际上堆叠时z坐标需要逐层累加。

如果place_pose z=0.000是桌面高度（物块底部放在桌面上），那么：
- 第0层(layer_index=0): z = 0.000，物块4高度0.0516，所以顶部在0.0516
- 第1层(layer_index=1): z = 0.0516，物块3高度0.0400，顶部在0.0916
- 第2层(layer_index=2): z = 0.0916，物块1高度0.0348，顶部在0.1264
- 第3层(layer_index=3): z = 0.1264，物块5高度0.0416，顶部在0.1680
- 第4层(layer_index=4): z = 0.1680，物块2高度0.0284，顶部在0.1964

但是等等，place_pose给出的z=0.000可能只是参考，我需要根据每层计算。或者，用户说"堆叠目标点建议为place_pose = (x=0.500, y=0.000, z=0.000)"，这应该是底层的位置。上层需要在z上累加。

但是grasp_pose的z坐标呢？默认抓取候选的z都是0.020或0.021，这应该是抓取高度（物块中心或抓取点）。我需要使用默认抓取候选，只做小幅调整。

由于place_pose.x=0.500与当前物块位置(大约-0.17到0.09)不同，这是一个移动到远处堆叠的操作。

让我重新审视规则。"优先围绕同一个堆叠中心逐层竖直堆叠" 且 "slot只能是center、left、right、front、back之一"。既然单柱，所有slot都应该是center。

关于grasp_pose：用户说"优先使用我提供的默认抓取候选，只在必要时做小幅调整"。默认抓取候选已经给出了x,y,z,yaw,width。我应该基本直接使用。

对于place_pose：每个action的place_pose应该不同吗？用户给的示例中所有action都有place_pose。对于堆叠，每层的z应该不同。x,y保持0.500, 0.000（堆叠中心）。但是等等，如果所有物块都堆叠在center，那x=0.500,y=0.000对所有层都一样，只有z变化。

等等，我需要仔细看示例。示例中只给了一个action，place_pose是(x=0.50, y=0.00, z=0.00)。但实际有5个物块，我应该给出5个actions。

z坐标计算：
- 物块4(黄): layer 0, z_place = 0.000
- 物块3(蓝): layer 1, z_place = 0.0516 (黄的高度)
- 物块1(红): layer 2, z_place = 0.0516 + 0.0400 = 0.0916
- 物块5(紫): layer 3, z_place = 0.0916 + 0.0348 = 0.1264
- 物块2(绿): layer 4, z_place = 0.1264 + 0.0416 = 0.1680

等等，我上面顺序是4->3->1->5->2。让我再想想稳定性。

黄色(4)最大最稳，肯定底层。
蓝色(3)第二大，第二层。
接下来红色(1)和紫色(5)。红色底面积0.002105，紫色0.001985。红色略大。但紫色是圆柱体，如果放在红色正方体上，接触面是圆形与方形，居中放置可以。绿色(2)最小，应该放最上面。

实际上，紫色圆柱体(5)的底面积比红色(1)略小，且高度更高。从稳定性考虑，底面积大的应该在下。所以红色在第三层，紫色在第四层，绿色在第五层。

或者另一种考虑：紫色细长比0.934，是最高的圆柱，可能更适合放上面？但底面积是硬道理。不过0.002105 vs 0.001985差别很小。

我再看看俯视图。黄色圆柱在中间偏上，绿色在右，蓝色在左上，红色在左下，紫色在下中。
左侧视图：黄色圆柱和绿色在远处，紫色圆柱在右，红色在右前，蓝色在左前。
右侧视图：红色在左后，紫色在左，黄色在中，蓝色在右后，绿色在前。

但这些对堆叠顺序影响不大。

好，我确定顺序（底到顶）：
Layer 0: 物块4 (黄色圆柱) - center, z=0.000
Layer 1: 物块3 (蓝色正方体) - center, z=0.0516
Layer 2: 物块1 (红色正方体) - center, z=0.0916
Layer 3: 物块5 (紫色圆柱) - center, z=0.1264
Layer 4: 物块2 (绿色正方体) - center, z=0.1680

等等，我需要确认物块高度：
- 物块1: 0.0348m
- 物块2: 0.0284m
- 物块3: 0.0400m
- 物块4: 0.0516m
- 物块5: 0.0416m

所以：
z0 = 0.000
z1 = 0.0516
z2 = 0.0516 + 0.0400 = 0.0916
z3 = 0.0916 + 0.0348 = 0.1264
z4 = 0.1264 + 0.0416 = 0.1680

等等，规则说"第一个action放在最底层，最后一个action放在最上层"，所以actions数组应该按从底到顶排列。

关于grasp_pose：直接使用默认抓取候选，但可能需要根据当前场景做小幅调整。默认抓取候选的z坐标看起来是物块中心高度（因为高度~0.03-0.05，一半是0.015-0.025，所以z=0.020是合理的）。

我需要为每个物块输出：
- target_object: "物块X"
- grasp_pose: 使用默认候选，可能微调（但用户说优先使用，必要时小幅调整。既然没有额外信息表明需要调整，我直接使用）
- layer_index: 0到4
- slot: "center"
- place_pose: {"x": 0.50, "y": 0.00, "z": 对应高度}
- reason: 简要说明

等等，我再看一下默认抓取候选：
物块1: z=0.020, 高度0.0348，中心应该在0.0174，所以0.020略高，但可接受。
物块2: z=0.020, 高度0.0284，中心0.0142，0.020略高。
物块3: z=0.020, 高度0.0400，中心0.0200，正好。
物块4: z=0.021, 高度0.0516，中心0.0258，0.021略低？等等，0.021比中心0.0258低一点，但也可接受。或者圆柱体抓取可能偏下？
物块5: z=0.020, 高度0.0416，中心0.0208，接近。

我觉得直接使用默认抓取即可。

但是，等等！用户给的默认抓取候选中的width是否就是place_pose中的宽度？不，grasp_pose中有width参数。

关于yaw：是否需要调整？默认抓取候选给的yaw应该合适。

现在，关于place_pose的z值：0.000是桌面吗？在示例中，第一个action的place_pose z=0.000。但在实际堆叠中，上层物块的place_pose z应该等于下层物块顶部的高度。

然而，等等。我需要考虑一个细节：物块的place_pose z是否应该是物块底面放置的高度？是的。所以：
- 第0层：z = 0.000（桌面）
- 第1层：z = 物块4的高度 = 0.0516
- 第2层：z = 0.0516 + 0.0400 = 0.0916
- 第3层：z = 0.0916 + 0.0348 = 0.1264
- 第4层：z = 0.1264 + 0.0416 = 0.1680

但是等等，物块4的默认抓取z=0.021，这个高度看起来是基于桌面的。放置时如果place_pose.z=0，物块4的底面应该在桌面。

还有一个问题：用户说"堆叠目标点建议为place_pose = (x=0.500, y=0.000, z=0.000)"。这个z=0.000可能对应底层。但上层我需要在JSON中给出准确的place_pose。

另外，slot全部用center是否满足要求？用户说"优先围绕同一个堆叠中心逐层竖直堆叠"，是的。

但是，等等，我需要重新读规则7："当同一层需要成对放两个物块时，必须使用相同的layer_index，并根据结构要求把两个slot写成对应成对槽位。"
规则8："left/right 或 front/back 的物块都要围绕同一个堆叠中心对称，且朝向保持平行。"

这暗示虽然优先单柱，但也支持多层多柱。不过任务明确说"常规单柱堆叠任务"，所以应该5层，每层1个，slot都是center。

让我再检查一下是否有任何理由需要把两个物块放在同一层。5个物块单柱，不需要。

等等，我突然想到：z坐标是否需要加上物块底面到中心的距离？不，place_pose通常是物块底面的目标位置（或者物块中心？）。在机器人抓取中，place_pose通常指末端执行器的目标位姿，但这里示例似乎指物块放置的位置。

看示例：place_pose={"x":0.50,"y":0.00,"z":0.00}，这很可能是物块底部的目标位置。

在grasp_pose中，z=0.020是抓取点高度（接近物块中心）。

在place_pose中，如果上层物块要放在下层物块上，z应该等于下层物块顶面的高度。

但是，等等，有没有可能用户希望所有的place_pose都保持(x=0.500, y=0.000, z=0.000)，然后由系统自动计算堆叠？不，规则要求我给出"放到哪里"，所以应该给出准确的放置位置。

不过，如果所有place_pose的z都写0，那就都放地上了，这不对。所以我应该计算准确的z。

但是，等等！如果place_pose指的是机械臂放置时末端执行器的位置，那就不一样了。通常末端执行器在物块中心。但示例中place_pose z=0.000，而grasp_pose z=0.020。如果place_pose是末端执行器位置，那z=0.000意味着末端在地面高度，这不可能（因为物块有高度）。

所以place_pose应该是指物块底面的放置位置（或者目标位置使得物块底部在此）。

我假设place_pose是物块底面的目标位置。

那么：
Action 1 (物块4): layer 0, z=0.000
Action 2 (物块3): layer 1, z=0.0516
Action 3 (物块1): layer 2, z=0.0916
Action 4 (物块5): layer 3, z=0.1264
Action 5 (物块2): layer 4, z=0.1680

等等，我需要确认物块顺序是否真的应该按大小。黄色圆柱的底面是0.0711x0.0711，面积0.00505，最大，做底座最好。蓝色0.0554x0.0554，面积0.00307，第二大。红色0.0459x0.0459，面积0.00211。紫色0.0446x0.0446，面积0.00199。绿色0.0373x0.0373，面积0.00139。

但等等，紫色圆柱的底面积0.001985其实比红色0.002105小。所以红色应该在紫色下面。

但是，紫色是圆柱体，如果放在红色正方体上，接触面如何？如果红色在黄色上，黄色也是圆柱体。黄色圆柱(直径0.0711)上放蓝色正方体(0.0554)没问题。蓝色上放红色(0.0459)也没问题（蓝色更大）。红色上放紫色(0.0446)，红色底面0.0459x0.0459，紫色直径0.0446，几乎一样大，紫色略小，可以。紫色上放绿色(0.0373)，也没问题。

另一种顺序：把紫色放红色下面？但紫色底面积比红色小，不如红色稳。或者紫色放最上面？绿色最小应该最上面。

再考虑高度：黄色0.0516，蓝色0.0400，红色0.0348，紫色0.0416，绿色0.0284。

如果按底面积从大到小：4,3,1,5,2。

让我检查一下俯视图是否显示有堆叠限制（比如某些物块已经被挡住）。俯视图显示所有物块都在桌面上，没有堆叠。

关于
==================================================
调用 Moonshot Kimi K2.6 动作规划失败: Expecting value: line 1 column 29 (char 28)

==================================================
【最终动作计划】
  Action 1: 物块4, grasp=(-0.005, 0.021, 0.021, yaw=0.000, width=0.080), layer=0, slot=center, place=(0.500, 0.000, 0.000), reason=默认规则规划：按稳定性与形状约束单柱堆叠
  Action 2: 物块3, grasp=(-0.169, 0.045, 0.020, yaw=-0.582, width=0.050), layer=1, slot=center, place=(0.500, 0.000, 0.040), reason=默认规则规划：按稳定性与形状约束单柱堆叠
  Action 3: 物块1, grasp=(-0.152, -0.104, 0.020, yaw=-0.415, width=0.045), layer=2, slot=center, place=(0.500, 0.000, 0.080), reason=默认规则规划：按稳定性与形状约束单柱堆叠
  Action 4: 物块5, grasp=(-0.012, -0.139, 0.020, yaw=0.000, width=0.070), layer=3, slot=center, place=(0.500, 0.000, 0.120), reason=默认规则规划：按稳定性与形状约束单柱堆叠
  Action 5: 物块2, grasp=(0.094, -0.021, 0.020, yaw=-1.166, width=0.034), layer=4, slot=center, place=(0.500, 0.000, 0.160), reason=默认规则规划：按稳定性与形状约束单柱堆叠
==================================================

执行动作: 抓取物块4, (-0.0053, 0.0207, 0.0207), 抓取角度=0.0000 rad, 夹爪宽度=0.0800m, 层=0, 槽位=center, 放置点=(0.5000, 0.0000, 0.0000)
  [执行抓取] 目标位置: (-0.0053, 0.0207, 0.0207), 末端执行器将达到: z=0.0677
    [State3] state_t=0.00s, can_attach=False, timeout=False, delay_ok=False
    [State3] state_t=0.01s, can_attach=False, timeout=False, delay_ok=False
    [State3] state_t=0.01s, can_attach=False, timeout=False, delay_ok=False
    [State3] state_t=0.02s, can_attach=False, timeout=False, delay_ok=False
    [State3] state_t=0.02s, can_attach=False, timeout=False, delay_ok=False
    [State3] state_t=0.02s, can_attach=False, timeout=False, delay_ok=False
    [State3] state_t=0.03s, can_attach=False, timeout=False, delay_ok=False
    [State3] state_t=0.03s, can_attach=False, timeout=False, delay_ok=False
    [State3] state_t=0.04s, can_attach=False, timeout=False, delay_ok=False
    [State3] state_t=0.04s, can_attach=False, timeout=False, delay_ok=False
    [State3] state_t=0.05s, can_attach=False, timeout=False, delay_ok=False
    [State3] state_t=0.05s, can_attach=False, timeout=False, delay_ok=False
    [State3] state_t=0.05s, can_attach=False, timeout=False, delay_ok=False
    [State3] state_t=0.06s, can_attach=False, timeout=False, delay_ok=False
    [State3] state_t=0.06s, can_attach=False, timeout=False, delay_ok=False
    [State3] state_t=0.07s, can_attach=False, timeout=False, delay_ok=False
    [State3] state_t=0.07s, can_attach=False, timeout=False, delay_ok=False
    [State3] state_t=0.07s, can_attach=False, timeout=False, delay_ok=False
    [State3] state_t=0.08s, can_attach=True, timeout=False, delay_ok=False
    [抓取成功] 检测到稳定接触，准备附加物体
抓取完成。
