当前配置文件：E:\pycharmprojects\panda_grasp_sim_2-main_v10\runs\control_panel_configs\panel_launch_20260504_134133_840841.json
实验运行目录：E:\pycharmprojects\panda_grasp_sim_2-main_v10\runs\run_20260504_134135_223780_seed20260503
已保留前面记录，并保留当前组前 5 次记录，将从 随机尺寸 - 第四组：2个正方体 + 2个圆柱体 + 1个三角体 第 6 次重新开始。

============================================================
开始实验：随机尺寸 - 第四组：2个正方体 + 2个圆柱体 + 1个三角体，第 6/10 次
物块组合：['cube', 'cube', 'cylinder', 'cylinder', 'cone_top']
尺寸模式：随机尺寸 / random
本次实验随机种子：20269508
============================================================
self.urdfs_filename =  ['cube\\cube_0.urdf', 'cube\\cube_1.urdf', 'cylinder\\cylinder.urdf', 'cylinder\\cylinder.urdf', 'cone_top\\cone_top_block.urdf']
随机缩放比例: [0.81, 0.97, 1.02, 0.74, 1.03]
物块1 已加载: 位置=(0.126, -0.106, 0.018), 偏航角=-0.616 rad
物块2 已加载: 位置=(-0.075, 0.066, 0.021), 偏航角=-0.991 rad
物块3 已加载: 位置=(-0.089, -0.116, 0.022), 偏航角=-0.183 rad
物块4 已加载: 位置=(-0.050, -0.031, 0.017), 偏航角=-0.629 rad
物块5 已加载: 位置=(0.020, 0.094, 0.023), 偏航角=1.411 rad
Auto run enabled: experiment scheduler is active.
>> 渲染相机深度图...
>> depth stats: min=0.457213, max=0.500000, unique~=1860
>> 侧视相机 left RGB 保存: E:\pycharmprojects\panda_grasp_sim_2-main_v10\img\img_urdf\camera_rgb_left.png, success=True
>> 侧视相机 right RGB 保存: E:\pycharmprojects\panda_grasp_sim_2-main_v10\img\img_urdf\camera_rgb_right.png, success=True
>> 渲染结束
Mask 检测到的物块数量: 5/5

==================================================
【仿真环境中的物块信息】
  物块1: 形状=正方体, 颜色=红色, 缩放比例=0.81, 边长=0.0452m, 体积=0.00009215m^3, 位置=(0.126, -0.106)
  [抓取位姿] 物块1: 物体底部z=-0.0000, 物体高度=0.0324, 抓取点z=0.0200, 末端执行器目标z=0.0670
    -> Mask 抓取候选 (0.135, -0.114)
  物块2: 形状=正方体, 颜色=绿色, 缩放比例=0.97, 边长=0.0537m, 体积=0.00015497m^3, 位置=(-0.075, 0.066)
  [抓取位姿] 物块2: 物体底部z=-0.0000, 物体高度=0.0388, 抓取点z=0.0200, 末端执行器目标z=0.0670
    -> Mask 抓取候选 (-0.083, 0.072)
  物块3: 形状=圆柱体, 颜色=蓝色, 缩放比例=1.02, 直径=0.0522m, 高度=0.0448m, 体积=0.00009588m^3, 位置=(-0.089, -0.116)
  [抓取位姿] 物块3: 物体底部z=-0.0010, 物体高度=0.0448, 抓取点z=0.0200, 末端执行器目标z=0.0670
    -> Mask 抓取候选 (-0.098, -0.126)
  物块4: 形状=圆柱体, 颜色=黄色, 缩放比例=0.74, 直径=0.0469m, 高度=0.0336m, 体积=0.00005815m^3, 位置=(-0.050, -0.031)
  [抓取位姿] 物块4: 物体底部z=-0.0010, 物体高度=0.0336, 抓取点z=0.0200, 末端执行器目标z=0.0670
    -> Mask 抓取候选 (-0.055, -0.033)
  物块5: 形状=三角体, 颜色=紫色, 缩放比例=1.03, 底面直径=0.0531m, 高度=0.0436m, 体积=0.00003216m^3, 位置=(0.020, 0.094)
  [三角体抓取] 侧视图分析结果: 侧视轮廓更像三角面，优先尝试与当前顶视方向垂直的夹取方向
  [三角体抓取] 原始角度=1.4145, 调整后角度=-0.1563
  [抓取位姿] 物块5: 物体底部z=-0.0030, 物体高度=0.0436, 抓取点z=0.0200, 末端执行器目标z=0.0670
    -> Mask 抓取候选 (0.020, 0.098)
==================================================

正在询问Moonshot Kimi K2.6直接生成抓取放置动作...
[调试] API URL: https://api.moonshot.cn/v1/chat/completions
[调试] Model: kimi-k2.6
[调试] API Key前缀: sk-esAHere...
[调试] 超时时间: 300秒
[调试] user_content类型: <class 'list'>
[调试] user_content长度: 4
[调试]   item[0] type: text
[调试]   item[1] type: image_url
[调试]   image_url长度: 388470
[调试]   item[2] type: image_url
[调试]   image_url长度: 242750
[调试]   item[3] type: image_url
[调试]   image_url长度: 291282
[调试] 响应状态码: 200
[调试] 响应JSON keys: dict_keys(['id', 'object', 'created', 'model', 'choices', 'usage'])
[调试] finish_reason: stop
[调试] content长度: 1433
[调试] content前100字符: {
  "actions": [
    {
      "target_object": "物块2",
      "grasp_pose": {"x": -0.075, "y": 0.066, "

==================================================
【Moonshot Kimi K2.6 动作计划原始返回】
{
  "actions": [
    {
      "target_object": "物块2",
      "grasp_pose": {"x": -0.075, "y": 0.066, "z": 0.020, "yaw": -0.991, "width": 0.049},
      "layer_index": 0,
      "slot": "center",
      "place_pose": {"x": 0.500, "y": 0.000, "z": 0.000},
      "reason": "绿色正方体，底面积最大且稳定，作为底层中心基础"
    },
    {
      "target_object": "物块1",
      "grasp_pose": {"x": 0.126, "y": -0.106, "z": 0.020, "yaw": -0.616, "width": 0.034},
      "layer_index": 1,
      "slot": "center",
      "place_pose": {"x": 0.500, "y": 0.000, "z": 0.0388},
      "reason": "红色正方体，较小的正方体，放在第二层中心"
    },
    {
      "target_object": "物块3",
      "grasp_pose": {"x": -0.089, "y": -0.116, "z": 0.020, "yaw": 0.000, "width": 0.077},
      "layer_index": 2,
      "slot": "center",
      "place_pose": {"x": 0.500, "y": 0.000, "z": 0.0712},
      "reason": "蓝色圆柱体，高度较高，作为第三层中心"
    },
    {
      "target_object": "物块4",
      "grasp_pose": {"x": -0.050, "y": -0.031, "z": 0.020, "yaw": 0.000, "width": 0.072},
      "layer_index": 3,
      "slot": "center",
      "place_pose": {"x": 0.500, "y": 0.000, "z": 0.1160},
      "reason": "黄色圆柱体，较小的圆柱体，作为第四层中心"
    },
    {
      "target_object": "物块5",
      "grasp_pose": {"x": 0.020, "y": 0.094, "z": 0.020, "yaw": -0.156, "width": 0.046},
      "layer_index": 4,
      "slot": "center",
      "place_pose": {"x": 0.500, "y": 0.000, "z": 0.1496},
      "reason": "紫色三角体，必须独自放在最顶层，layer_index最大，不与任何物块同层"
    }
  ]
}
==================================================

==================================================
【最终动作计划】
  Action 1: 物块2, grasp=(-0.075, 0.066, 0.020, yaw=-0.991, width=0.049), layer=0, slot=center, place=(0.500, 0.000, 0.000), reason=绿色正方体，底面积最大且稳定，作为底层中心基础
  Action 2: 物块1, grasp=(0.126, -0.106, 0.020, yaw=-0.616, width=0.034), layer=1, slot=center, place=(0.500, 0.000, 0.039), reason=红色正方体，较小的正方体，放在第二层中心
  Action 3: 物块3, grasp=(-0.089, -0.116, 0.020, yaw=0.000, width=0.077), layer=2, slot=center, place=(0.500, 0.000, 0.071), reason=蓝色圆柱体，高度较高，作为第三层中心
  Action 4: 物块4, grasp=(-0.050, -0.031, 0.020, yaw=0.000, width=0.072), layer=3, slot=center, place=(0.500, 0.000, 0.116), reason=黄色圆柱体，较小的圆柱体，作为第四层中心
  Action 5: 物块5, grasp=(0.020, 0.094, 0.020, yaw=-0.156, width=0.046), layer=4, slot=center, place=(0.500, 0.000, 0.160), reason=紫色三角体，必须独自放在最顶层，layer_index最大，不与任何物块同层
==================================================

执行动作: 抓取物块2, (-0.0750, 0.0660, 0.0200), 抓取角度=-0.9910 rad, 夹爪宽度=0.0490m, 层=0, 槽位=center, 放置点=(0.5000, 0.0000, 0.0000)
  [执行抓取] 目标位置: (-0.0750, 0.0660, 0.0200), 末端执行器将达到: z=0.0670
    [State3] state_t=0.00s, can_attach=False, timeout=False, delay_ok=False
    [State3] state_t=0.01s, can_attach=False, timeout=False, delay_ok=False
    [State3] state_t=0.01s, can_attach=False, timeout=False, delay_ok=False
    [State3] state_t=0.02s, can_attach=False, timeout=False, delay_ok=False
    [State3] state_t=0.02s, can_attach=False, timeout=False, delay_ok=False
    [State3] state_t=0.02s, can_attach=False, timeout=False, delay_ok=False
    [State3] state_t=0.03s, can_attach=False, timeout=False, delay_ok=False
    [State3] state_t=0.03s, can_attach=False, timeout=False, delay_ok=False
    [State3] state_t=0.04s, can_attach=False, timeout=False, delay_ok=False
    [State3] state_t=0.04s, can_attach=False, timeout=False, delay_ok=False
    [State3] state_t=0.05s, can_attach=False, timeout=False, delay_ok=False
    [State3] state_t=0.05s, can_attach=False, timeout=False, delay_ok=False
    [State3] state_t=0.05s, can_attach=False, timeout=False, delay_ok=False
    [State3] state_t=0.06s, can_attach=False, timeout=False, delay_ok=False
    [State3] state_t=0.06s, can_attach=False, timeout=False, delay_ok=False
    [State3] state_t=0.07s, can_attach=False, timeout=False, delay_ok=False
    [State3] state_t=0.07s, can_attach=False, timeout=False, delay_ok=False
    [State3] state_t=0.07s, can_attach=False, timeout=False, delay_ok=False
    [State3] state_t=0.08s, can_attach=False, timeout=False, delay_ok=False
    [State3] state_t=0.08s, can_attach=False, timeout=False, delay_ok=False
    [State3] state_t=0.09s, can_attach=False, timeout=False, delay_ok=False
    [State3] state_t=0.09s, can_attach=False, timeout=False, delay_ok=False
    [State3] state_t=0.10s, can_attach=False, timeout=False, delay_ok=False
    [State3] state_t=0.10s, can_attach=False, timeout=False, delay_ok=False
    [抓取成功] 检测到稳定接触，准备附加物体
抓取完成。
收到控制面板重置请求，切换到 随机尺寸 - 第四组：2个正方体 + 2个圆柱体 + 1个三角体 第 6 次。

============================================================
开始实验：随机尺寸 - 第四组：2个正方体 + 2个圆柱体 + 1个三角体，第 6/10 次
物块组合：['cube', 'cube', 'cylinder', 'cylinder', 'cone_top']
尺寸模式：随机尺寸 / random
本次实验随机种子：20269508
============================================================
self.urdfs_filename =  ['cube\\cube_0.urdf', 'cube\\cube_1.urdf', 'cylinder\\cylinder.urdf', 'cylinder\\cylinder.urdf', 'cone_top\\cone_top_block.urdf']
随机缩放比例: [0.81, 0.97, 1.02, 0.74, 1.03]
物块1 已加载: 位置=(0.126, -0.106, 0.018), 偏航角=-0.616 rad
物块2 已加载: 位置=(-0.075, 0.066, 0.021), 偏航角=-0.991 rad
物块3 已加载: 位置=(-0.089, -0.116, 0.022), 偏航角=-0.183 rad
物块4 已加载: 位置=(-0.050, -0.031, 0.017), 偏航角=-0.629 rad
物块5 已加载: 位置=(0.020, 0.094, 0.023), 偏航角=1.411 rad
