当前配置文件：E:\pycharmprojects\panda_grasp_sim_2-main_v10\runs\control_panel_configs\panel_launch_20260504_134608_741713.json
实验运行目录：E:\pycharmprojects\panda_grasp_sim_2-main_v10\runs\run_20260504_134609_571830_seed20260503
已保留前面记录，并保留当前组前 6 次记录，将从 随机尺寸 - 第四组：2个正方体 + 2个圆柱体 + 1个三角体 第 7 次重新开始。

============================================================
开始实验：随机尺寸 - 第四组：2个正方体 + 2个圆柱体 + 1个三角体，第 7/10 次
物块组合：['cube', 'cube', 'cylinder', 'cylinder', 'cone_top']
尺寸模式：随机尺寸 / random
本次实验随机种子：20269509
============================================================
self.urdfs_filename =  ['cube\\cube_0.urdf', 'cube\\cube_1.urdf', 'cylinder\\cylinder.urdf', 'cylinder\\cylinder.urdf', 'cone_top\\cone_top_block.urdf']
随机缩放比例: [0.82, 0.73, 0.86, 0.9, 0.79]
物块1 已加载: 位置=(0.092, 0.133, 0.018), 偏航角=-0.076 rad
物块2 已加载: 位置=(0.146, -0.038, 0.017), 偏航角=2.568 rad
物块3 已加载: 位置=(-0.147, -0.045, 0.019), 偏航角=-2.103 rad
物块4 已加载: 位置=(-0.016, -0.086, 0.020), 偏航角=1.168 rad
物块5 已加载: 位置=(0.011, 0.024, 0.018), 偏航角=-1.393 rad
Auto run enabled: experiment scheduler is active.
>> 渲染相机深度图...
>> depth stats: min=0.462012, max=0.500000, unique~=1725
>> 侧视相机 left RGB 保存: E:\pycharmprojects\panda_grasp_sim_2-main_v10\img\img_urdf\camera_rgb_left.png, success=True
>> 侧视相机 right RGB 保存: E:\pycharmprojects\panda_grasp_sim_2-main_v10\img\img_urdf\camera_rgb_right.png, success=True
>> 渲染结束
Mask 检测到的物块数量: 5/5

==================================================
【仿真环境中的物块信息】
  物块1: 形状=正方体, 颜色=红色, 缩放比例=0.82, 边长=0.0352m, 体积=0.00004357m^3, 位置=(0.092, 0.133)
  [抓取位姿] 物块1: 物体底部z=-0.0000, 物体高度=0.0328, 抓取点z=0.0200, 末端执行器目标z=0.0670
    -> Mask 抓取候选 (0.099, 0.145)
  物块2: 形状=正方体, 颜色=绿色, 缩放比例=0.73, 边长=0.0404m, 体积=0.00006581m^3, 位置=(0.146, -0.038)
  [抓取位姿] 物块2: 物体底部z=-0.0000, 物体高度=0.0292, 抓取点z=0.0200, 末端执行器目标z=0.0670
    -> Mask 抓取候选 (0.156, -0.040)
  物块3: 形状=圆柱体, 颜色=蓝色, 缩放比例=0.86, 直径=0.0526m, 高度=0.0384m, 体积=0.00008337m^3, 位置=(-0.147, -0.045)
  [抓取位姿] 物块3: 物体底部z=-0.0010, 物体高度=0.0384, 抓取点z=0.0200, 末端执行器目标z=0.0670
    -> Mask 抓取候选 (-0.160, -0.048)
  物块4: 形状=圆柱体, 颜色=黄色, 缩放比例=0.90, 直径=0.0525m, 高度=0.0400m, 体积=0.00008656m^3, 位置=(-0.016, -0.086)
  [抓取位姿] 物块4: 物体底部z=-0.0010, 物体高度=0.0400, 抓取点z=0.0200, 末端执行器目标z=0.0670
    -> Mask 抓取候选 (-0.018, -0.094)
  物块5: 形状=三角体, 颜色=紫色, 缩放比例=0.79, 底面直径=0.0432m, 高度=0.0353m, 体积=0.00001726m^3, 位置=(0.011, 0.024)
  [三角体抓取] 侧视图分析结果: 侧视轮廓更像三角面，优先尝试与当前顶视方向垂直的夹取方向
  [三角体抓取] 原始角度=-1.3925, 调整后角度=0.1783
  [抓取位姿] 物块5: 物体底部z=-0.0030, 物体高度=0.0353, 抓取点z=0.0200, 末端执行器目标z=0.0670
    -> Mask 抓取候选 (0.011, 0.026)
==================================================

正在询问Moonshot Kimi K2.6直接生成抓取放置动作...
[调试] API URL: https://api.moonshot.cn/v1/chat/completions
[调试] Model: kimi-k2.6
[调试] API Key前缀: sk-esAHere...
[调试] 超时时间: 300秒
[调试] user_content类型: <class 'list'>
[调试] user_content长度: 4
[调试]   item[0] type: text
[调试]   item[1] type: image_url
[调试]   image_url长度: 389718
[调试]   item[2] type: image_url
[调试]   image_url长度: 244474
[调试]   item[3] type: image_url
[调试]   image_url长度: 290674
[调试] 响应状态码: 200
[调试] 响应JSON keys: dict_keys(['id', 'object', 'created', 'model', 'choices', 'usage'])
[调试] finish_reason: stop
[调试] content长度: 1444
[调试] content前100字符: {
  "actions": [
    {
      "target_object": "物块3",
      "grasp_pose": {"x": -0.147, "y": -0.045, 

==================================================
【Moonshot Kimi K2.6 动作计划原始返回】
{
  "actions": [
    {
      "target_object": "物块3",
      "grasp_pose": {"x": -0.147, "y": -0.045, "z": 0.020, "yaw": 0.000, "width": 0.078},
      "layer_index": 0,
      "slot": "center",
      "place_pose": {"x": 0.500, "y": 0.000, "z": 0.000},
      "reason": "蓝色圆柱体底面积最大，稳定性最好，适合作为底层基础"
    },
    {
      "target_object": "物块4",
      "grasp_pose": {"x": -0.016, "y": -0.086, "z": 0.020, "yaw": 0.000, "width": 0.077},
      "layer_index": 1,
      "slot": "center",
      "place_pose": {"x": 0.500, "y": 0.000, "z": 0.0384},
      "reason": "黄色圆柱体底面积第二大，放在第二层继续构建稳定基础"
    },
    {
      "target_object": "物块2",
      "grasp_pose": {"x": 0.146, "y": -0.038, "z": 0.020, "yaw": -0.574, "width": 0.034},
      "layer_index": 2,
      "slot": "center",
      "place_pose": {"x": 0.500, "y": 0.000, "z": 0.0776},
      "reason": "绿色正方体作为第三层，尺寸适中，为上层提供平整支撑面"
    },
    {
      "target_object": "物块1",
      "grasp_pose": {"x": 0.092, "y": 0.133, "z": 0.020, "yaw": -0.076, "width": 0.034},
      "layer_index": 3,
      "slot": "center",
      "place_pose": {"x": 0.500, "y": 0.000, "z": 0.1068},
      "reason": "红色正方体作为第四层，继续向上堆叠"
    },
    {
      "target_object": "物块5",
      "grasp_pose": {"x": 0.011, "y": 0.024, "z": 0.020, "yaw": 0.178, "width": 0.040},
      "layer_index": 4,
      "slot": "center",
      "place_pose": {"x": 0.500, "y": 0.000, "z": 0.1396},
      "reason": "紫色三角体必须独自放在最顶层，layer_index最大，不与任何其他物块同层"
    }
  ]
}
==================================================

==================================================
【最终动作计划】
  Action 1: 物块3, grasp=(-0.147, -0.045, 0.020, yaw=0.000, width=0.078), layer=0, slot=center, place=(0.500, 0.000, 0.000), reason=蓝色圆柱体底面积最大，稳定性最好，适合作为底层基础
  Action 2: 物块4, grasp=(-0.016, -0.086, 0.020, yaw=0.000, width=0.077), layer=1, slot=center, place=(0.500, 0.000, 0.038), reason=黄色圆柱体底面积第二大，放在第二层继续构建稳定基础
  Action 3: 物块2, grasp=(0.146, -0.038, 0.020, yaw=-0.574, width=0.034), layer=2, slot=center, place=(0.500, 0.000, 0.078), reason=绿色正方体作为第三层，尺寸适中，为上层提供平整支撑面
  Action 4: 物块1, grasp=(0.092, 0.133, 0.020, yaw=-0.076, width=0.034), layer=3, slot=center, place=(0.500, 0.000, 0.107), reason=红色正方体作为第四层，继续向上堆叠
  Action 5: 物块5, grasp=(0.011, 0.024, 0.020, yaw=0.178, width=0.040), layer=4, slot=center, place=(0.500, 0.000, 0.160), reason=紫色三角体必须独自放在最顶层，layer_index最大，不与任何其他物块同层
==================================================

执行动作: 抓取物块3, (-0.1470, -0.0450, 0.0200), 抓取角度=0.0000 rad, 夹爪宽度=0.0780m, 层=0, 槽位=center, 放置点=(0.5000, 0.0000, 0.0000)
  [执行抓取] 目标位置: (-0.1470, -0.0450, 0.0200), 末端执行器将达到: z=0.0670
    [State3] state_t=0.00s, can_attach=False, timeout=False, delay_ok=False
    [State3] state_t=0.01s, can_attach=False, timeout=False, delay_ok=False
    [State3] state_t=0.01s, can_attach=False, timeout=False, delay_ok=False
    [State3] state_t=0.02s, can_attach=False, timeout=False, delay_ok=False
    [State3] state_t=0.02s, can_attach=False, timeout=False, delay_ok=False
    [State3] state_t=0.02s, can_attach=False, timeout=False, delay_ok=False
    [State3] state_t=0.03s, can_attach=False, timeout=False, delay_ok=False
    [State3] state_t=0.03s, can_attach=False, timeout=False, delay_ok=False
    [State3] state_t=0.04s, can_attach=False, timeout=False, delay_ok=False
    [State3] state_t=0.04s, can_attach=False, timeout=False, delay_ok=False
    [State3] state_t=0.05s, can_attach=False, timeout=False, delay_ok=False
    [State3] state_t=0.05s, can_attach=False, timeout=False, delay_ok=False
    [State3] state_t=0.05s, can_attach=False, timeout=False, delay_ok=False
    [State3] state_t=0.06s, can_attach=False, timeout=False, delay_ok=False
    [State3] state_t=0.06s, can_attach=False, timeout=False, delay_ok=False
    [State3] state_t=0.07s, can_attach=False, timeout=False, delay_ok=False
    [State3] state_t=0.07s, can_attach=False, timeout=False, delay_ok=False
    [State3] state_t=0.07s, can_attach=False, timeout=False, delay_ok=False
    [State3] state_t=0.08s, can_attach=False, timeout=False, delay_ok=False
    [State3] state_t=0.08s, can_attach=False, timeout=False, delay_ok=False
    [State3] state_t=0.09s, can_attach=False, timeout=False, delay_ok=False
    [State3] state_t=0.09s, can_attach=False, timeout=False, delay_ok=False
    [State3] state_t=0.10s, can_attach=False, timeout=False, delay_ok=False
    [State3] state_t=0.10s, can_attach=False, timeout=False, delay_ok=False
    [抓取成功] 检测到稳定接触，准备附加物体
抓取完成。
物理释放：物块中心已对准堆叠点，解除夹爪约束并慢速张开夹爪。
放置完成。
执行动作: 抓取物块4, (-0.0160, -0.0860, 0.0200), 抓取角度=0.0000 rad, 夹爪宽度=0.0770m, 层=1, 槽位=center, 放置点=(0.5000, 0.0000, 0.0384)
  [执行抓取] 目标位置: (-0.0160, -0.0860, 0.0200), 末端执行器将达到: z=0.0670
    [State3] state_t=0.00s, can_attach=False, timeout=False, delay_ok=False
    [State3] state_t=0.01s, can_attach=False, timeout=False, delay_ok=False
    [State3] state_t=0.01s, can_attach=False, timeout=False, delay_ok=False
    [State3] state_t=0.02s, can_attach=False, timeout=False, delay_ok=False
    [State3] state_t=0.02s, can_attach=False, timeout=False, delay_ok=False
    [State3] state_t=0.02s, can_attach=False, timeout=False, delay_ok=False
    [State3] state_t=0.03s, can_attach=False, timeout=False, delay_ok=False
    [State3] state_t=0.03s, can_attach=False, timeout=False, delay_ok=False
    [State3] state_t=0.04s, can_attach=False, timeout=False, delay_ok=False
    [State3] state_t=0.04s, can_attach=False, timeout=False, delay_ok=False
    [State3] state_t=0.05s, can_attach=False, timeout=False, delay_ok=False
    [State3] state_t=0.05s, can_attach=False, timeout=False, delay_ok=False
    [State3] state_t=0.05s, can_attach=False, timeout=False, delay_ok=False
    [State3] state_t=0.06s, can_attach=False, timeout=False, delay_ok=False
    [State3] state_t=0.06s, can_attach=False, timeout=False, delay_ok=False
    [State3] state_t=0.07s, can_attach=False, timeout=False, delay_ok=False
    [State3] state_t=0.07s, can_attach=False, timeout=False, delay_ok=False
    [State3] state_t=0.07s, can_attach=False, timeout=False, delay_ok=False
    [State3] state_t=0.08s, can_attach=False, timeout=False, delay_ok=False
    [State3] state_t=0.08s, can_attach=False, timeout=False, delay_ok=False
    [State3] state_t=0.09s, can_attach=False, timeout=False, delay_ok=False
    [State3] state_t=0.09s, can_attach=False, timeout=False, delay_ok=False
    [State3] state_t=0.10s, can_attach=False, timeout=False, delay_ok=False
    [State3] state_t=0.10s, can_attach=False, timeout=False, delay_ok=False
    [抓取成功] 检测到稳定接触，准备附加物体
抓取完成。
物理释放：物块中心已对准堆叠点，解除夹爪约束并慢速张开夹爪。
放置完成。
执行动作: 抓取物块2, (0.1460, -0.0380, 0.0200), 抓取角度=-0.5740 rad, 夹爪宽度=0.0340m, 层=2, 槽位=center, 放置点=(0.5000, 0.0000, 0.0776)
  [执行抓取] 目标位置: (0.1460, -0.0380, 0.0200), 末端执行器将达到: z=0.0670
    [State3] state_t=0.00s, can_attach=False, timeout=False, delay_ok=False
    [State3] state_t=0.01s, can_attach=False, timeout=False, delay_ok=False
    [State3] state_t=0.01s, can_attach=False, timeout=False, delay_ok=False
    [State3] state_t=0.02s, can_attach=False, timeout=False, delay_ok=False
    [State3] state_t=0.02s, can_attach=False, timeout=False, delay_ok=False
    [State3] state_t=0.02s, can_attach=False, timeout=False, delay_ok=False
    [State3] state_t=0.03s, can_attach=False, timeout=False, delay_ok=False
    [State3] state_t=0.03s, can_attach=False, timeout=False, delay_ok=False
    [State3] state_t=0.04s, can_attach=False, timeout=False, delay_ok=False
    [State3] state_t=0.04s, can_attach=False, timeout=False, delay_ok=False
    [State3] state_t=0.05s, can_attach=False, timeout=False, delay_ok=False
    [State3] state_t=0.05s, can_attach=False, timeout=False, delay_ok=False
    [State3] state_t=0.05s, can_attach=False, timeout=False, delay_ok=False
    [State3] state_t=0.06s, can_attach=False, timeout=False, delay_ok=False
    [State3] state_t=0.06s, can_attach=False, timeout=False, delay_ok=False
    [State3] state_t=0.07s, can_attach=False, timeout=False, delay_ok=False
    [State3] state_t=0.07s, can_attach=False, timeout=False, delay_ok=False
    [State3] state_t=0.07s, can_attach=False, timeout=False, delay_ok=False
    [State3] state_t=0.08s, can_attach=False, timeout=False, delay_ok=False
    [State3] state_t=0.08s, can_attach=False, timeout=False, delay_ok=False
    [State3] state_t=0.09s, can_attach=False, timeout=False, delay_ok=False
    [State3] state_t=0.09s, can_attach=False, timeout=False, delay_ok=False
    [State3] state_t=0.10s, can_attach=False, timeout=False, delay_ok=False
    [State3] state_t=0.10s, can_attach=True, timeout=False, delay_ok=False
    [抓取成功] 检测到稳定接触，准备附加物体
抓取完成。
物理释放：物块中心已对准堆叠点，解除夹爪约束并慢速张开夹爪。
放置完成。
执行动作: 抓取物块1, (0.0920, 0.1330, 0.0200), 抓取角度=-0.0760 rad, 夹爪宽度=0.0340m, 层=3, 槽位=center, 放置点=(0.5000, 0.0000, 0.1068)
  [执行抓取] 目标位置: (0.0920, 0.1330, 0.0200), 末端执行器将达到: z=0.0670
    [State3] state_t=0.00s, can_attach=False, timeout=False, delay_ok=False
    [State3] state_t=0.01s, can_attach=False, timeout=False, delay_ok=False
    [State3] state_t=0.01s, can_attach=False, timeout=False, delay_ok=False
    [State3] state_t=0.02s, can_attach=False, timeout=False, delay_ok=False
    [State3] state_t=0.02s, can_attach=False, timeout=False, delay_ok=False
    [State3] state_t=0.02s, can_attach=False, timeout=False, delay_ok=False
    [State3] state_t=0.03s, can_attach=False, timeout=False, delay_ok=False
    [State3] state_t=0.03s, can_attach=False, timeout=False, delay_ok=False
    [State3] state_t=0.04s, can_attach=False, timeout=False, delay_ok=False
    [State3] state_t=0.04s, can_attach=False, timeout=False, delay_ok=False
    [State3] state_t=0.05s, can_attach=False, timeout=False, delay_ok=False
    [State3] state_t=0.05s, can_attach=False, timeout=False, delay_ok=False
    [State3] state_t=0.05s, can_attach=False, timeout=False, delay_ok=False
    [State3] state_t=0.06s, can_attach=False, timeout=False, delay_ok=False
    [State3] state_t=0.06s, can_attach=False, timeout=False, delay_ok=False
    [State3] state_t=0.07s, can_attach=False, timeout=False, delay_ok=False
    [State3] state_t=0.07s, can_attach=False, timeout=False, delay_ok=False
    [State3] state_t=0.07s, can_attach=False, timeout=False, delay_ok=False
    [State3] state_t=0.08s, can_attach=False, timeout=False, delay_ok=False
    [State3] state_t=0.08s, can_attach=False, timeout=False, delay_ok=False
    [State3] state_t=0.09s, can_attach=False, timeout=False, delay_ok=False
    [State3] state_t=0.09s, can_attach=True, timeout=False, delay_ok=False
    [抓取成功] 检测到稳定接触，准备附加物体
抓取完成。
物理释放：物块中心已对准堆叠点，解除夹爪约束并慢速张开夹爪。
放置完成。
执行动作: 抓取物块5, (0.0110, 0.0240, 0.0200), 抓取角度=0.1780 rad, 夹爪宽度=0.0400m, 层=4, 槽位=center, 放置点=(0.5000, 0.0000, 0.1600)
  [执行抓取] 目标位置: (0.0110, 0.0240, 0.0200), 末端执行器将达到: z=0.0670
    [State3] state_t=0.00s, can_attach=False, timeout=False, delay_ok=False
    [State3] state_t=0.01s, can_attach=False, timeout=False, delay_ok=False
    [State3] state_t=0.01s, can_attach=False, timeout=False, delay_ok=False
    [State3] state_t=0.02s, can_attach=False, timeout=False, delay_ok=False
    [State3] state_t=0.02s, can_attach=False, timeout=False, delay_ok=False
    [State3] state_t=0.02s, can_attach=False, timeout=False, delay_ok=False
    [State3] state_t=0.03s, can_attach=False, timeout=False, delay_ok=False
    [State3] state_t=0.03s, can_attach=False, timeout=False, delay_ok=False
    [State3] state_t=0.04s, can_attach=False, timeout=False, delay_ok=False
    [State3] state_t=0.04s, can_attach=False, timeout=False, delay_ok=False
    [State3] state_t=0.05s, can_attach=False, timeout=False, delay_ok=False
    [State3] state_t=0.05s, can_attach=False, timeout=False, delay_ok=False
    [State3] state_t=0.05s, can_attach=False, timeout=False, delay_ok=False
    [State3] state_t=0.06s, can_attach=False, timeout=False, delay_ok=False
    [State3] state_t=0.06s, can_attach=False, timeout=False, delay_ok=False
    [State3] state_t=0.07s, can_attach=False, timeout=False, delay_ok=False
    [State3] state_t=0.07s, can_attach=False, timeout=False, delay_ok=False
    [State3] state_t=0.07s, can_attach=False, timeout=False, delay_ok=False
    [State3] state_t=0.08s, can_attach=False, timeout=False, delay_ok=False
    [State3] state_t=0.08s, can_attach=False, timeout=False, delay_ok=False
    [State3] state_t=0.09s, can_attach=False, timeout=False, delay_ok=False
    [State3] state_t=0.09s, can_attach=False, timeout=False, delay_ok=False
    [State3] state_t=0.10s, can_attach=False, timeout=False, delay_ok=False
    [State3] state_t=0.10s, can_attach=False, timeout=False, delay_ok=False
    [抓取成功] 检测到稳定接触，准备附加物体
抓取完成。
物理释放：物块中心已对准堆叠点，解除夹爪约束并慢速张开夹爪。
放置完成。
Auto run finished: all objects processed.
>> 渲染相机深度图...
>> 硬件渲染结果异常，切换到软件渲染器...
>> depth stats: min=0.499999, max=0.499999, unique~=1
depth2Gray: flat depth image detected (min=max=0.499999), fallback to zeros.
depth2Gray: flat depth image detected (min=max=0.000000), fallback to zeros.
>> 侧视相机 left RGB 保存: E:\pycharmprojects\panda_grasp_sim_2-main_v10\img\img_urdf\camera_rgb_left.png, success=True
>> 侧视相机 right RGB 保存: E:\pycharmprojects\panda_grasp_sim_2-main_v10\img\img_urdf\camera_rgb_right.png, success=True
>> 渲染结束

==================================================
【Moonshot Kimi K2.6 堆叠验收原始返回】
{"success": true, "reason": "第二张图片中5个彩色物块已竖直堆叠成塔状，整体稳定未倒塌。"}
==================================================

==================================================
【堆叠验收结果】
实验组别: 随机尺寸 - 第四组：2个正方体 + 2个圆柱体 + 1个三角体
实验次数: 第 7 次
是否成功: 成功
原因: 第二张图片中5个彩色物块已竖直堆叠成塔状，整体稳定未倒塌。
==================================================


============================================================
开始实验：随机尺寸 - 第四组：2个正方体 + 2个圆柱体 + 1个三角体，第 8/10 次
物块组合：['cube', 'cube', 'cylinder', 'cylinder', 'cone_top']
尺寸模式：随机尺寸 / random
本次实验随机种子：20269510
============================================================
self.urdfs_filename =  ['cube\\cube_0.urdf', 'cube\\cube_1.urdf', 'cylinder\\cylinder.urdf', 'cylinder\\cylinder.urdf', 'cone_top\\cone_top_block.urdf']
随机缩放比例: [1.03, 0.76, 1.12, 1.17, 1.0]
物块1 已加载: 位置=(-0.014, 0.074, 0.023), 偏航角=-0.333 rad
物块2 已加载: 位置=(-0.085, -0.112, 0.017), 偏航角=0.486 rad
物块3 已加载: 位置=(0.126, 0.114, 0.024), 偏航角=-1.004 rad
物块4 已加载: 位置=(0.151, -0.096, 0.025), 偏航角=1.458 rad
物块5 已加载: 位置=(0.009, -0.085, 0.022), 偏航角=-1.146 rad
>> 渲染相机深度图...
>> depth stats: min=0.451213, max=0.500000, unique~=2540
>> 侧视相机 left RGB 保存: E:\pycharmprojects\panda_grasp_sim_2-main_v10\img\img_urdf\camera_rgb_left.png, success=True
>> 侧视相机 right RGB 保存: E:\pycharmprojects\panda_grasp_sim_2-main_v10\img\img_urdf\camera_rgb_right.png, success=True
>> 渲染结束
Mask 检测到的物块数量: 5/5

==================================================
【仿真环境中的物块信息】
  物块1: 形状=正方体, 颜色=红色, 缩放比例=1.03, 边长=0.0524m, 体积=0.00014396m^3, 位置=(-0.014, 0.074)
  [抓取位姿] 物块1: 物体底部z=-0.0000, 物体高度=0.0412, 抓取点z=0.0200, 末端执行器目标z=0.0670
    -> Mask 抓取候选 (-0.017, 0.083)
  物块2: 形状=正方体, 颜色=绿色, 缩放比例=0.76, 边长=0.0411m, 体积=0.00006933m^3, 位置=(-0.085, -0.112)
  [抓取位姿] 物块2: 物体底部z=-0.0000, 物体高度=0.0304, 抓取点z=0.0200, 末端执行器目标z=0.0670
    -> Mask 抓取候选 (-0.093, -0.120)
  物块3: 形状=圆柱体, 颜色=蓝色, 缩放比例=1.12, 直径=0.0674m, 高度=0.0488m, 体积=0.00017399m^3, 位置=(0.126, 0.114)
  [抓取位姿] 物块3: 物体底部z=-0.0010, 物体高度=0.0488, 抓取点z=0.0200, 末端执行器目标z=0.0670
    -> Mask 抓取候选 (0.138, 0.126)
  物块4: 形状=圆柱体, 颜色=黄色, 缩放比例=1.17, 直径=0.0562m, 高度=0.0508m, 体积=0.00012600m^3, 位置=(0.151, -0.096)
  [抓取位姿] 物块4: 物体底部z=-0.0010, 物体高度=0.0508, 抓取点z=0.0203, 末端执行器目标z=0.0673
    -> Mask 抓取候选 (0.166, -0.107)
  物块5: 形状=三角体, 颜色=紫色, 缩放比例=1.00, 底面直径=0.0553m, 高度=0.0426m, 体积=0.00003407m^3, 位置=(0.009, -0.085)
  [三角体抓取] 侧视图分析结果: 侧视轮廓更像三角面，优先尝试与当前顶视方向垂直的夹取方向
  [三角体抓取] 原始角度=-1.1458, 调整后角度=0.4250
  [抓取位姿] 物块5: 物体底部z=-0.0030, 物体高度=0.0426, 抓取点z=0.0200, 末端执行器目标z=0.0670
    -> Mask 抓取候选 (0.007, -0.088)
==================================================

正在询问Moonshot Kimi K2.6直接生成抓取放置动作...
[调试] API URL: https://api.moonshot.cn/v1/chat/completions
[调试] Model: kimi-k2.6
[调试] API Key前缀: sk-esAHere...
[调试] 超时时间: 300秒
[调试] user_content类型: <class 'list'>
[调试] user_content长度: 4
[调试]   item[0] type: text
[调试]   item[1] type: image_url
[调试]   image_url长度: 388334
[调试]   item[2] type: image_url
[调试]   image_url长度: 240538
[调试]   item[3] type: image_url
[调试]   image_url长度: 289166
[调试] 响应状态码: 200
[调试] 响应JSON keys: dict_keys(['id', 'object', 'created', 'model', 'choices', 'usage'])
[调试] finish_reason: stop
[调试] content长度: 1520
[调试] content前100字符: {
  "actions": [
    {
      "target_object": "物块3",
      "grasp_pose": {"x": 0.126, "y": 0.114, "z

==================================================
【Moonshot Kimi K2.6 动作计划原始返回】
{
  "actions": [
    {
      "target_object": "物块3",
      "grasp_pose": {"x": 0.126, "y": 0.114, "z": 0.020, "yaw": 0.000, "width": 0.080},
      "layer_index": 0,
      "slot": "center",
      "place_pose": {"x": 0.500, "y": 0.000, "z": 0.000},
      "reason": "蓝色圆柱体底面积最大(0.004539m²)，稳定性最好，适合作为底层基础"
    },
    {
      "target_object": "物块4",
      "grasp_pose": {"x": 0.151, "y": -0.096, "z": 0.020, "yaw": 0.000, "width": 0.080},
      "layer_index": 1,
      "slot": "center",
      "place_pose": {"x": 0.500, "y": 0.000, "z": 0.0488},
      "reason": "黄色圆柱体底面积次大(0.003158m²)，高度0.0508m，适合堆叠在蓝色圆柱体之上"
    },
    {
      "target_object": "物块1",
      "grasp_pose": {"x": -0.014, "y": 0.074, "z": 0.020, "yaw": -0.333, "width": 0.051},
      "layer_index": 2,
      "slot": "center",
      "place_pose": {"x": 0.500, "y": 0.000, "z": 0.0996},
      "reason": "红色正方体底面积0.002747m²，高度0.0412m，适合作为第三层"
    },
    {
      "target_object": "物块2",
      "grasp_pose": {"x": -0.085, "y": -0.112, "z": 0.020, "yaw": 0.486, "width": 0.034},
      "layer_index": 3,
      "slot": "center",
      "place_pose": {"x": 0.500, "y": 0.000, "z": 0.1408},
      "reason": "绿色正方体底面积最小(0.001688m²)，高度0.0304m，适合作为第四层"
    },
    {
      "target_object": "物块5",
      "grasp_pose": {"x": 0.009, "y": -0.085, "z": 0.020, "yaw": 0.425, "width": 0.055},
      "layer_index": 4,
      "slot": "center",
      "place_pose": {"x": 0.500, "y": 0.000, "z": 0.1712},
      "reason": "紫色三角体必须独自放在最顶层，layer_index最大为4，与其他物块不同层，作为整个堆叠结构的顶端"
    }
  ]
}
==================================================

==================================================
【最终动作计划】
  Action 1: 物块3, grasp=(0.126, 0.114, 0.020, yaw=0.000, width=0.080), layer=0, slot=center, place=(0.500, 0.000, 0.000), reason=蓝色圆柱体底面积最大(0.004539m²)，稳定性最好，适合作为底层基础
  Action 2: 物块4, grasp=(0.151, -0.096, 0.020, yaw=0.000, width=0.080), layer=1, slot=center, place=(0.500, 0.000, 0.049), reason=黄色圆柱体底面积次大(0.003158m²)，高度0.0508m，适合堆叠在蓝色圆柱体之上
  Action 3: 物块1, grasp=(-0.014, 0.074, 0.020, yaw=-0.333, width=0.051), layer=2, slot=center, place=(0.500, 0.000, 0.100), reason=红色正方体底面积0.002747m²，高度0.0412m，适合作为第三层
  Action 4: 物块2, grasp=(-0.085, -0.112, 0.020, yaw=0.486, width=0.034), layer=3, slot=center, place=(0.500, 0.000, 0.141), reason=绿色正方体底面积最小(0.001688m²)，高度0.0304m，适合作为第四层
  Action 5: 物块5, grasp=(0.009, -0.085, 0.020, yaw=0.425, width=0.055), layer=4, slot=center, place=(0.500, 0.000, 0.160), reason=紫色三角体必须独自放在最顶层，layer_index最大为4，与其他物块不同层，作为整个堆叠结构的顶端
==================================================

执行动作: 抓取物块3, (0.1260, 0.1140, 0.0200), 抓取角度=0.0000 rad, 夹爪宽度=0.0800m, 层=0, 槽位=center, 放置点=(0.5000, 0.0000, 0.0000)
  [执行抓取] 目标位置: (0.1260, 0.1140, 0.0200), 末端执行器将达到: z=0.0670
    [State3] state_t=0.00s, can_attach=False, timeout=False, delay_ok=False
    [State3] state_t=0.01s, can_attach=False, timeout=False, delay_ok=False
    [State3] state_t=0.01s, can_attach=False, timeout=False, delay_ok=False
    [State3] state_t=0.02s, can_attach=False, timeout=False, delay_ok=False
    [State3] state_t=0.02s, can_attach=False, timeout=False, delay_ok=False
    [State3] state_t=0.02s, can_attach=False, timeout=False, delay_ok=False
    [State3] state_t=0.03s, can_attach=False, timeout=False, delay_ok=False
    [State3] state_t=0.03s, can_attach=False, timeout=False, delay_ok=False
    [State3] state_t=0.04s, can_attach=False, timeout=False, delay_ok=False
    [State3] state_t=0.04s, can_attach=False, timeout=False, delay_ok=False
    [State3] state_t=0.05s, can_attach=False, timeout=False, delay_ok=False
    [State3] state_t=0.05s, can_attach=False, timeout=False, delay_ok=False
    [State3] state_t=0.05s, can_attach=False, timeout=False, delay_ok=False
    [State3] state_t=0.06s, can_attach=False, timeout=False, delay_ok=False
    [State3] state_t=0.06s, can_attach=False, timeout=False, delay_ok=False
    [State3] state_t=0.07s, can_attach=False, timeout=False, delay_ok=False
    [State3] state_t=0.07s, can_attach=False, timeout=False, delay_ok=False
    [State3] state_t=0.07s, can_attach=False, timeout=False, delay_ok=False
    [State3] state_t=0.08s, can_attach=False, timeout=False, delay_ok=False
    [State3] state_t=0.08s, can_attach=True, timeout=False, delay_ok=False
    [抓取成功] 检测到稳定接触，准备附加物体
抓取完成。
物理释放：物块中心已对准堆叠点，解除夹爪约束并慢速张开夹爪。
放置完成。
执行动作: 抓取物块4, (0.1510, -0.0960, 0.0200), 抓取角度=0.0000 rad, 夹爪宽度=0.0800m, 层=1, 槽位=center, 放置点=(0.5000, 0.0000, 0.0488)
  [执行抓取] 目标位置: (0.1510, -0.0960, 0.0200), 末端执行器将达到: z=0.0670
    [State3] state_t=0.00s, can_attach=False, timeout=False, delay_ok=False
    [State3] state_t=0.01s, can_attach=False, timeout=False, delay_ok=False
    [State3] state_t=0.01s, can_attach=False, timeout=False, delay_ok=False
    [State3] state_t=0.02s, can_attach=False, timeout=False, delay_ok=False
    [State3] state_t=0.02s, can_attach=False, timeout=False, delay_ok=False
    [State3] state_t=0.02s, can_attach=False, timeout=False, delay_ok=False
    [State3] state_t=0.03s, can_attach=False, timeout=False, delay_ok=False
    [State3] state_t=0.03s, can_attach=False, timeout=False, delay_ok=False
    [State3] state_t=0.04s, can_attach=False, timeout=False, delay_ok=False
    [State3] state_t=0.04s, can_attach=False, timeout=False, delay_ok=False
    [State3] state_t=0.05s, can_attach=False, timeout=False, delay_ok=False
    [State3] state_t=0.05s, can_attach=False, timeout=False, delay_ok=False
    [State3] state_t=0.05s, can_attach=False, timeout=False, delay_ok=False
    [State3] state_t=0.06s, can_attach=False, timeout=False, delay_ok=False
    [State3] state_t=0.06s, can_attach=False, timeout=False, delay_ok=False
    [State3] state_t=0.07s, can_attach=False, timeout=False, delay_ok=False
    [State3] state_t=0.07s, can_attach=False, timeout=False, delay_ok=False
    [State3] state_t=0.07s, can_attach=False, timeout=False, delay_ok=False
    [State3] state_t=0.08s, can_attach=True, timeout=False, delay_ok=False
    [抓取成功] 检测到稳定接触，准备附加物体
抓取完成。
物理释放：物块中心已对准堆叠点，解除夹爪约束并慢速张开夹爪。
放置完成。
执行动作: 抓取物块1, (-0.0140, 0.0740, 0.0200), 抓取角度=-0.3330 rad, 夹爪宽度=0.0510m, 层=2, 槽位=center, 放置点=(0.5000, 0.0000, 0.0996)
  [执行抓取] 目标位置: (-0.0140, 0.0740, 0.0200), 末端执行器将达到: z=0.0670
    [State3] state_t=0.00s, can_attach=False, timeout=False, delay_ok=False
    [State3] state_t=0.01s, can_attach=False, timeout=False, delay_ok=False
    [State3] state_t=0.01s, can_attach=False, timeout=False, delay_ok=False
    [State3] state_t=0.02s, can_attach=False, timeout=False, delay_ok=False
    [State3] state_t=0.02s, can_attach=False, timeout=False, delay_ok=False
    [State3] state_t=0.02s, can_attach=False, timeout=False, delay_ok=False
    [State3] state_t=0.03s, can_attach=False, timeout=False, delay_ok=False
    [State3] state_t=0.03s, can_attach=False, timeout=False, delay_ok=False
    [State3] state_t=0.04s, can_attach=False, timeout=False, delay_ok=False
    [State3] state_t=0.04s, can_attach=False, timeout=False, delay_ok=False
    [State3] state_t=0.05s, can_attach=False, timeout=False, delay_ok=False
    [State3] state_t=0.05s, can_attach=False, timeout=False, delay_ok=False
    [State3] state_t=0.05s, can_attach=False, timeout=False, delay_ok=False
    [State3] state_t=0.06s, can_attach=False, timeout=False, delay_ok=False
    [State3] state_t=0.06s, can_attach=False, timeout=False, delay_ok=False
    [State3] state_t=0.07s, can_attach=False, timeout=False, delay_ok=False
    [State3] state_t=0.07s, can_attach=False, timeout=False, delay_ok=False
    [State3] state_t=0.07s, can_attach=False, timeout=False, delay_ok=False
    [State3] state_t=0.08s, can_attach=False, timeout=False, delay_ok=False
    [State3] state_t=0.08s, can_attach=False, timeout=False, delay_ok=False
    [State3] state_t=0.09s, can_attach=False, timeout=False, delay_ok=False
    [State3] state_t=0.09s, can_attach=False, timeout=False, delay_ok=False
    [State3] state_t=0.10s, can_attach=False, timeout=False, delay_ok=False
    [State3] state_t=0.10s, can_attach=True, timeout=False, delay_ok=False
    [抓取成功] 检测到稳定接触，准备附加物体
抓取完成。
物理释放：物块中心已对准堆叠点，解除夹爪约束并慢速张开夹爪。
放置完成。
执行动作: 抓取物块2, (-0.0850, -0.1120, 0.0200), 抓取角度=0.4860 rad, 夹爪宽度=0.0340m, 层=3, 槽位=center, 放置点=(0.5000, 0.0000, 0.1408)
  [执行抓取] 目标位置: (-0.0850, -0.1120, 0.0200), 末端执行器将达到: z=0.0670
    [State3] state_t=0.00s, can_attach=False, timeout=False, delay_ok=False
    [State3] state_t=0.01s, can_attach=False, timeout=False, delay_ok=False
    [State3] state_t=0.01s, can_attach=False, timeout=False, delay_ok=False
    [State3] state_t=0.02s, can_attach=False, timeout=False, delay_ok=False
    [State3] state_t=0.02s, can_attach=False, timeout=False, delay_ok=False
    [State3] state_t=0.02s, can_attach=False, timeout=False, delay_ok=False
    [State3] state_t=0.03s, can_attach=False, timeout=False, delay_ok=False
    [State3] state_t=0.03s, can_attach=False, timeout=False, delay_ok=False
    [State3] state_t=0.04s, can_attach=False, timeout=False, delay_ok=False
    [State3] state_t=0.04s, can_attach=False, timeout=False, delay_ok=False
    [State3] state_t=0.05s, can_attach=False, timeout=False, delay_ok=False
    [State3] state_t=0.05s, can_attach=False, timeout=False, delay_ok=False
    [State3] state_t=0.05s, can_attach=False, timeout=False, delay_ok=False
    [State3] state_t=0.06s, can_attach=False, timeout=False, delay_ok=False
    [State3] state_t=0.06s, can_attach=False, timeout=False, delay_ok=False
    [State3] state_t=0.07s, can_attach=False, timeout=False, delay_ok=False
    [State3] state_t=0.07s, can_attach=False, timeout=False, delay_ok=False
    [State3] state_t=0.07s, can_attach=False, timeout=False, delay_ok=False
    [State3] state_t=0.08s, can_attach=False, timeout=False, delay_ok=False
    [State3] state_t=0.08s, can_attach=False, timeout=False, delay_ok=False
    [State3] state_t=0.09s, can_attach=False, timeout=False, delay_ok=False
    [State3] state_t=0.09s, can_attach=False, timeout=False, delay_ok=False
    [State3] state_t=0.10s, can_attach=True, timeout=False, delay_ok=False
    [抓取成功] 检测到稳定接触，准备附加物体
抓取完成。
物理释放：物块中心已对准堆叠点，解除夹爪约束并慢速张开夹爪。
放置完成。
执行动作: 抓取物块5, (0.0090, -0.0850, 0.0200), 抓取角度=0.4250 rad, 夹爪宽度=0.0550m, 层=4, 槽位=center, 放置点=(0.5000, 0.0000, 0.1600)
  [执行抓取] 目标位置: (0.0090, -0.0850, 0.0200), 末端执行器将达到: z=0.0670
    [State3] state_t=0.00s, can_attach=False, timeout=False, delay_ok=False
    [State3] state_t=0.01s, can_attach=False, timeout=False, delay_ok=False
    [State3] state_t=0.01s, can_attach=False, timeout=False, delay_ok=False
    [State3] state_t=0.02s, can_attach=False, timeout=False, delay_ok=False
    [State3] state_t=0.02s, can_attach=False, timeout=False, delay_ok=False
    [State3] state_t=0.02s, can_attach=False, timeout=False, delay_ok=False
    [State3] state_t=0.03s, can_attach=False, timeout=False, delay_ok=False
    [State3] state_t=0.03s, can_attach=False, timeout=False, delay_ok=False
    [State3] state_t=0.04s, can_attach=False, timeout=False, delay_ok=False
    [State3] state_t=0.04s, can_attach=False, timeout=False, delay_ok=False
    [State3] state_t=0.05s, can_attach=False, timeout=False, delay_ok=False
    [State3] state_t=0.05s, can_attach=False, timeout=False, delay_ok=False
    [State3] state_t=0.05s, can_attach=False, timeout=False, delay_ok=False
    [State3] state_t=0.06s, can_attach=False, timeout=False, delay_ok=False
    [State3] state_t=0.06s, can_attach=False, timeout=False, delay_ok=False
    [State3] state_t=0.07s, can_attach=False, timeout=False, delay_ok=False
    [State3] state_t=0.07s, can_attach=False, timeout=False, delay_ok=False
    [State3] state_t=0.07s, can_attach=False, timeout=False, delay_ok=False
    [State3] state_t=0.08s, can_attach=False, timeout=False, delay_ok=False
    [State3] state_t=0.08s, can_attach=False, timeout=False, delay_ok=False
    [State3] state_t=0.09s, can_attach=False, timeout=False, delay_ok=False
    [State3] state_t=0.09s, can_attach=False, timeout=False, delay_ok=False
    [State3] state_t=0.10s, can_attach=False, timeout=False, delay_ok=False
    [State3] state_t=0.10s, can_attach=False, timeout=False, delay_ok=False
    [抓取成功] 检测到稳定接触，准备附加物体
抓取完成。
物理释放：物块中心已对准堆叠点，解除夹爪约束并慢速张开夹爪。
放置完成。
Auto run finished: all objects processed.
>> 渲染相机深度图...
>> 硬件渲染结果异常，切换到软件渲染器...
>> depth stats: min=0.499999, max=0.499999, unique~=1
depth2Gray: flat depth image detected (min=max=0.499999), fallback to zeros.
depth2Gray: flat depth image detected (min=max=0.000000), fallback to zeros.
>> 侧视相机 left RGB 保存: E:\pycharmprojects\panda_grasp_sim_2-main_v10\img\img_urdf\camera_rgb_left.png, success=True
>> 侧视相机 right RGB 保存: E:\pycharmprojects\panda_grasp_sim_2-main_v10\img\img_urdf\camera_rgb_right.png, success=True
>> 渲染结束

==================================================
【Moonshot Kimi K2.6 堆叠验收原始返回】
{"success": true, "reason": "5个物块（蓝、黄、红、绿、紫）已形成明显的竖向堆叠，整体稳定未倒塌。"}
==================================================

==================================================
【堆叠验收结果】
实验组别: 随机尺寸 - 第四组：2个正方体 + 2个圆柱体 + 1个三角体
实验次数: 第 8 次
是否成功: 成功
原因: 5个物块（蓝、黄、红、绿、紫）已形成明显的竖向堆叠，整体稳定未倒塌。
==================================================


============================================================
开始实验：随机尺寸 - 第四组：2个正方体 + 2个圆柱体 + 1个三角体，第 9/10 次
物块组合：['cube', 'cube', 'cylinder', 'cylinder', 'cone_top']
尺寸模式：随机尺寸 / random
本次实验随机种子：20269511
============================================================
self.urdfs_filename =  ['cube\\cube_0.urdf', 'cube\\cube_1.urdf', 'cylinder\\cylinder.urdf', 'cylinder\\cylinder.urdf', 'cone_top\\cone_top_block.urdf']
随机缩放比例: [1.18, 1.14, 0.78, 0.69, 1.02]
物块1 已加载: 位置=(-0.053, 0.023, 0.026), 偏航角=-2.192 rad
物块2 已加载: 位置=(-0.018, -0.129, 0.025), 偏航角=1.710 rad
物块3 已加载: 位置=(0.093, 0.007, 0.018), 偏航角=3.062 rad
物块4 已加载: 位置=(-0.146, 0.096, 0.016), 偏航角=1.237 rad
物块5 已加载: 位置=(-0.109, -0.089, 0.022), 偏航角=-1.499 rad
>> 渲染相机深度图...
>> 硬件渲染结果异常，切换到软件渲染器...
>> depth stats: min=0.452809, max=0.499999, unique~=1880
>> 侧视相机 left RGB 保存: E:\pycharmprojects\panda_grasp_sim_2-main_v10\img\img_urdf\camera_rgb_left.png, success=True
>> 侧视相机 right RGB 保存: E:\pycharmprojects\panda_grasp_sim_2-main_v10\img\img_urdf\camera_rgb_right.png, success=True
>> 渲染结束
Mask 检测到的物块数量: 5/5

==================================================
【仿真环境中的物块信息】
  物块1: 形状=正方体, 颜色=红色, 缩放比例=1.18, 边长=0.0659m, 体积=0.00028562m^3, 位置=(-0.053, 0.023)
  [抓取位姿] 物块1: 物体底部z=-0.0000, 物体高度=0.0472, 抓取点z=0.0200, 末端执行器目标z=0.0670
    -> Mask 抓取候选 (-0.059, 0.027)
  物块2: 形状=正方体, 颜色=绿色, 缩放比例=1.14, 边长=0.0515m, 体积=0.00013633m^3, 位置=(-0.018, -0.129)
  [抓取位姿] 物块2: 物体底部z=-0.0000, 物体高度=0.0456, 抓取点z=0.0200, 末端执行器目标z=0.0670
    -> Mask 抓取候选 (-0.021, -0.140)
  物块3: 形状=圆柱体, 颜色=蓝色, 缩放比例=0.78, 直径=0.0379m, 高度=0.0352m, 体积=0.00003971m^3, 位置=(0.093, 0.007)
  [抓取位姿] 物块3: 物体底部z=-0.0010, 物体高度=0.0352, 抓取点z=0.0200, 末端执行器目标z=0.0670
    -> Mask 抓取候选 (0.100, 0.009)
  物块4: 形状=圆柱体, 颜色=黄色, 缩放比例=0.69, 直径=0.0402m, 高度=0.0316m, 体积=0.00004016m^3, 位置=(-0.146, 0.096)
  [抓取位姿] 物块4: 物体底部z=-0.0010, 物体高度=0.0316, 抓取点z=0.0200, 末端执行器目标z=0.0670
    -> Mask 抓取候选 (-0.157, 0.104)
  物块5: 形状=三角体, 颜色=紫色, 缩放比例=1.02, 底面直径=0.0507m, 高度=0.0433m, 体积=0.00002914m^3, 位置=(-0.109, -0.089)
  [三角体抓取] 侧视图分析结果: 侧视轮廓更像三角面，优先尝试与当前顶视方向垂直的夹取方向
  [三角体抓取] 原始角度=-1.4991, 调整后角度=0.0717
  [抓取位姿] 物块5: 物体底部z=-0.0030, 物体高度=0.0433, 抓取点z=0.0200, 末端执行器目标z=0.0670
    -> Mask 抓取候选 (-0.118, -0.091)
==================================================

正在询问Moonshot Kimi K2.6直接生成抓取放置动作...
[调试] API URL: https://api.moonshot.cn/v1/chat/completions
[调试] Model: kimi-k2.6
[调试] API Key前缀: sk-esAHere...
[调试] 超时时间: 300秒
[调试] user_content类型: <class 'list'>
[调试] user_content长度: 4
[调试]   item[0] type: text
[调试]   item[1] type: image_url
[调试]   image_url长度: 10286
[调试]   item[2] type: image_url
[调试]   image_url长度: 15062
[调试]   item[3] type: image_url
[调试]   image_url长度: 9614
[调试] 响应状态码: 200
[调试] 响应JSON keys: dict_keys(['id', 'object', 'created', 'model', 'choices', 'usage'])
[调试] finish_reason: stop
[调试] content长度: 1468
[调试] content前100字符: {
  "actions": [
    {
      "target_object": "物块1",
      "grasp_pose": {"x": -0.053, "y": 0.023, "

==================================================
【Moonshot Kimi K2.6 动作计划原始返回】
{
  "actions": [
    {
      "target_object": "物块1",
      "grasp_pose": {"x": -0.053, "y": 0.023, "z": 0.020, "yaw": 0.949, "width": 0.057},
      "layer_index": 0,
      "slot": "center",
      "place_pose": {"x": 0.500, "y": 0.000, "z": 0.000},
      "reason": "红色正方体底面积最大(0.004337m²)，稳定性最好，作为底层中心"
    },
    {
      "target_object": "物块2",
      "grasp_pose": {"x": -0.018, "y": -0.129, "z": 0.020, "yaw": -1.432, "width": 0.056},
      "layer_index": 1,
      "slot": "center",
      "place_pose": {"x": 0.500, "y": 0.000, "z": 0.0472},
      "reason": "绿色正方体底面积次大，放在红色正方体之上，继续构建中心柱"
    },
    {
      "target_object": "物块4",
      "grasp_pose": {"x": -0.146, "y": 0.096, "z": 0.020, "yaw": 0.000, "width": 0.065},
      "layer_index": 2,
      "slot": "center",
      "place_pose": {"x": 0.500, "y": 0.000, "z": 0.0928},
      "reason": "黄色圆柱体底面积适中，继续中心柱堆叠"
    },
    {
      "target_object": "物块3",
      "grasp_pose": {"x": 0.093, "y": 0.007, "z": 0.020, "yaw": 0.000, "width": 0.038},
      "layer_index": 3,
      "slot": "center",
      "place_pose": {"x": 0.500, "y": 0.000, "z": 0.1244},
      "reason": "蓝色圆柱体底面积较小，继续中心柱堆叠，为三角体做铺垫"
    },
    {
      "target_object": "物块5",
      "grasp_pose": {"x": -0.109, "y": -0.089, "z": 0.020, "yaw": 0.072, "width": 0.042},
      "layer_index": 4,
      "slot": "center",
      "place_pose": {"x": 0.500, "y": 0.000, "z": 0.1596},
      "reason": "紫色三角体必须独自放在最顶层，layer_index最大，slot为center，不与其他物块同层"
    }
  ]
}
==================================================

==================================================
【最终动作计划】
  Action 1: 物块1, grasp=(-0.053, 0.023, 0.020, yaw=0.949, width=0.057), layer=0, slot=center, place=(0.500, 0.000, 0.000), reason=红色正方体底面积最大(0.004337m²)，稳定性最好，作为底层中心
  Action 2: 物块2, grasp=(-0.018, -0.129, 0.020, yaw=-1.432, width=0.056), layer=1, slot=center, place=(0.500, 0.000, 0.047), reason=绿色正方体底面积次大，放在红色正方体之上，继续构建中心柱
  Action 3: 物块4, grasp=(-0.146, 0.096, 0.020, yaw=0.000, width=0.065), layer=2, slot=center, place=(0.500, 0.000, 0.093), reason=黄色圆柱体底面积适中，继续中心柱堆叠
  Action 4: 物块3, grasp=(0.093, 0.007, 0.020, yaw=0.000, width=0.038), layer=3, slot=center, place=(0.500, 0.000, 0.124), reason=蓝色圆柱体底面积较小，继续中心柱堆叠，为三角体做铺垫
  Action 5: 物块5, grasp=(-0.109, -0.089, 0.020, yaw=0.072, width=0.042), layer=4, slot=center, place=(0.500, 0.000, 0.160), reason=紫色三角体必须独自放在最顶层，layer_index最大，slot为center，不与其他物块同层
==================================================

执行动作: 抓取物块1, (-0.0530, 0.0230, 0.0200), 抓取角度=0.9490 rad, 夹爪宽度=0.0570m, 层=0, 槽位=center, 放置点=(0.5000, 0.0000, 0.0000)
  [执行抓取] 目标位置: (-0.0530, 0.0230, 0.0200), 末端执行器将达到: z=0.0670
    [State3] state_t=0.00s, can_attach=False, timeout=False, delay_ok=False
    [State3] state_t=0.01s, can_attach=False, timeout=False, delay_ok=False
    [State3] state_t=0.01s, can_attach=False, timeout=False, delay_ok=False
    [State3] state_t=0.02s, can_attach=False, timeout=False, delay_ok=False
    [State3] state_t=0.02s, can_attach=False, timeout=False, delay_ok=False
    [State3] state_t=0.02s, can_attach=False, timeout=False, delay_ok=False
    [State3] state_t=0.03s, can_attach=False, timeout=False, delay_ok=False
    [State3] state_t=0.03s, can_attach=False, timeout=False, delay_ok=False
    [State3] state_t=0.04s, can_attach=False, timeout=False, delay_ok=False
    [State3] state_t=0.04s, can_attach=False, timeout=False, delay_ok=False
    [State3] state_t=0.05s, can_attach=False, timeout=False, delay_ok=False
    [State3] state_t=0.05s, can_attach=False, timeout=False, delay_ok=False
    [State3] state_t=0.05s, can_attach=False, timeout=False, delay_ok=False
    [State3] state_t=0.06s, can_attach=False, timeout=False, delay_ok=False
    [State3] state_t=0.06s, can_attach=False, timeout=False, delay_ok=False
    [State3] state_t=0.07s, can_attach=False, timeout=False, delay_ok=False
    [State3] state_t=0.07s, can_attach=False, timeout=False, delay_ok=False
    [State3] state_t=0.07s, can_attach=False, timeout=False, delay_ok=False
    [State3] state_t=0.08s, can_attach=False, timeout=False, delay_ok=False
    [State3] state_t=0.08s, can_attach=False, timeout=False, delay_ok=False
    [State3] state_t=0.09s, can_attach=True, timeout=False, delay_ok=False
    [抓取成功] 检测到稳定接触，准备附加物体
抓取完成。
物理释放：物块中心已对准堆叠点，解除夹爪约束并慢速张开夹爪。
放置完成。
执行动作: 抓取物块2, (-0.0180, -0.1290, 0.0200), 抓取角度=-1.4320 rad, 夹爪宽度=0.0560m, 层=1, 槽位=center, 放置点=(0.5000, 0.0000, 0.0472)
  [执行抓取] 目标位置: (-0.0180, -0.1290, 0.0200), 末端执行器将达到: z=0.0670
    [State3] state_t=0.00s, can_attach=False, timeout=False, delay_ok=False
    [State3] state_t=0.01s, can_attach=False, timeout=False, delay_ok=False
    [State3] state_t=0.01s, can_attach=False, timeout=False, delay_ok=False
    [State3] state_t=0.02s, can_attach=False, timeout=False, delay_ok=False
    [State3] state_t=0.02s, can_attach=False, timeout=False, delay_ok=False
    [State3] state_t=0.02s, can_attach=False, timeout=False, delay_ok=False
    [State3] state_t=0.03s, can_attach=False, timeout=False, delay_ok=False
    [State3] state_t=0.03s, can_attach=False, timeout=False, delay_ok=False
    [State3] state_t=0.04s, can_attach=False, timeout=False, delay_ok=False
    [State3] state_t=0.04s, can_attach=False, timeout=False, delay_ok=False
    [State3] state_t=0.05s, can_attach=False, timeout=False, delay_ok=False
    [State3] state_t=0.05s, can_attach=False, timeout=False, delay_ok=False
    [State3] state_t=0.05s, can_attach=False, timeout=False, delay_ok=False
    [State3] state_t=0.06s, can_attach=False, timeout=False, delay_ok=False
    [State3] state_t=0.06s, can_attach=False, timeout=False, delay_ok=False
    [State3] state_t=0.07s, can_attach=False, timeout=False, delay_ok=False
    [State3] state_t=0.07s, can_attach=False, timeout=False, delay_ok=False
    [State3] state_t=0.07s, can_attach=False, timeout=False, delay_ok=False
    [State3] state_t=0.08s, can_attach=False, timeout=False, delay_ok=False
    [State3] state_t=0.08s, can_attach=False, timeout=False, delay_ok=False
    [State3] state_t=0.09s, can_attach=True, timeout=False, delay_ok=False
    [抓取成功] 检测到稳定接触，准备附加物体
抓取完成。
物理释放：物块中心已对准堆叠点，解除夹爪约束并慢速张开夹爪。
放置完成。
执行动作: 抓取物块4, (-0.1460, 0.0960, 0.0200), 抓取角度=0.0000 rad, 夹爪宽度=0.0650m, 层=2, 槽位=center, 放置点=(0.5000, 0.0000, 0.0928)
  [执行抓取] 目标位置: (-0.1460, 0.0960, 0.0200), 末端执行器将达到: z=0.0670
    [State3] state_t=0.00s, can_attach=False, timeout=False, delay_ok=False
    [State3] state_t=0.01s, can_attach=False, timeout=False, delay_ok=False
    [State3] state_t=0.01s, can_attach=False, timeout=False, delay_ok=False
    [State3] state_t=0.02s, can_attach=False, timeout=False, delay_ok=False
    [State3] state_t=0.02s, can_attach=False, timeout=False, delay_ok=False
    [State3] state_t=0.02s, can_attach=False, timeout=False, delay_ok=False
    [State3] state_t=0.03s, can_attach=False, timeout=False, delay_ok=False
    [State3] state_t=0.03s, can_attach=False, timeout=False, delay_ok=False
    [State3] state_t=0.04s, can_attach=False, timeout=False, delay_ok=False
    [State3] state_t=0.04s, can_attach=False, timeout=False, delay_ok=False
    [State3] state_t=0.05s, can_attach=False, timeout=False, delay_ok=False
    [State3] state_t=0.05s, can_attach=False, timeout=False, delay_ok=False
    [State3] state_t=0.05s, can_attach=False, timeout=False, delay_ok=False
    [State3] state_t=0.06s, can_attach=False, timeout=False, delay_ok=False
    [State3] state_t=0.06s, can_attach=False, timeout=False, delay_ok=False
    [State3] state_t=0.07s, can_attach=False, timeout=False, delay_ok=False
    [State3] state_t=0.07s, can_attach=False, timeout=False, delay_ok=False
    [State3] state_t=0.07s, can_attach=False, timeout=False, delay_ok=False
    [State3] state_t=0.08s, can_attach=False, timeout=False, delay_ok=False
    [State3] state_t=0.08s, can_attach=False, timeout=False, delay_ok=False
    [State3] state_t=0.09s, can_attach=False, timeout=False, delay_ok=False
    [State3] state_t=0.09s, can_attach=False, timeout=False, delay_ok=False
    [State3] state_t=0.10s, can_attach=False, timeout=False, delay_ok=False
    [State3] state_t=0.10s, can_attach=False, timeout=False, delay_ok=False
    [抓取成功] 检测到稳定接触，准备附加物体
抓取完成。
物理释放：物块中心已对准堆叠点，解除夹爪约束并慢速张开夹爪。
放置完成。
执行动作: 抓取物块3, (0.0930, 0.0070, 0.0200), 抓取角度=0.0000 rad, 夹爪宽度=0.0380m, 层=3, 槽位=center, 放置点=(0.5000, 0.0000, 0.1244)
  [执行抓取] 目标位置: (0.0930, 0.0070, 0.0200), 末端执行器将达到: z=0.0670
    [State3] state_t=0.00s, can_attach=True, timeout=False, delay_ok=False
    [抓取成功] 检测到稳定接触，准备附加物体
抓取完成。
放置动作超时：已强制松爪，当前小次实验按失败记录并进入下一次。
>> 渲染相机深度图...
>> 硬件渲染结果异常，切换到软件渲染器...
>> depth stats: min=0.463742, max=0.499999, unique~=1507
>> 侧视相机 left RGB 保存: E:\pycharmprojects\panda_grasp_sim_2-main_v10\img\img_urdf\camera_rgb_left.png, success=True
>> 侧视相机 right RGB 保存: E:\pycharmprojects\panda_grasp_sim_2-main_v10\img\img_urdf\camera_rgb_right.png, success=True
>> 渲染结束

==================================================
【Moonshot Kimi K2.6 堆叠验收原始返回】
{"success": false, "reason": "5个物块散落在场景中，仅有3个物块形成小堆叠，其余物块分散未形成整体竖向堆叠"}
==================================================

==================================================
【堆叠验收结果】
实验组别: 随机尺寸 - 第四组：2个正方体 + 2个圆柱体 + 1个三角体
实验次数: 第 9 次
是否成功: 失败
原因: 放置动作超时：已强制松爪，当前小次实验按失败记录并进入下一次。; 大模型判断：5个物块散落在场景中，仅有3个物块形成小堆叠，其余物块分散未形成整体竖向堆叠
==================================================


============================================================
开始实验：随机尺寸 - 第四组：2个正方体 + 2个圆柱体 + 1个三角体，第 10/10 次
物块组合：['cube', 'cube', 'cylinder', 'cylinder', 'cone_top']
尺寸模式：随机尺寸 / random
本次实验随机种子：20269512
============================================================
self.urdfs_filename =  ['cube\\cube_0.urdf', 'cube\\cube_1.urdf', 'cylinder\\cylinder.urdf', 'cylinder\\cylinder.urdf', 'cone_top\\cone_top_block.urdf']
随机缩放比例: [1.14, 0.67, 0.95, 0.95, 1.05]
物块1 已加载: 位置=(-0.031, 0.106, 0.025), 偏航角=2.955 rad
物块2 已加载: 位置=(-0.166, 0.047, 0.015), 偏航角=-2.341 rad
物块3 已加载: 位置=(0.096, 0.080, 0.021), 偏航角=-1.723 rad
物块4 已加载: 位置=(0.119, -0.014, 0.021), 偏航角=-0.074 rad
物块5 已加载: 位置=(0.001, -0.139, 0.023), 偏航角=0.650 rad
>> 渲染相机深度图...
>> 硬件渲染结果异常，切换到软件渲染器...
>> depth stats: min=0.454412, max=0.499999, unique~=2052
>> 侧视相机 left RGB 保存: E:\pycharmprojects\panda_grasp_sim_2-main_v10\img\img_urdf\camera_rgb_left.png, success=True
>> 侧视相机 right RGB 保存: E:\pycharmprojects\panda_grasp_sim_2-main_v10\img\img_urdf\camera_rgb_right.png, success=True
>> 渲染结束
Mask 检测到的物块数量: 5/5

==================================================
【仿真环境中的物块信息】
  物块1: 形状=正方体, 颜色=红色, 缩放比例=1.14, 边长=0.0533m, 体积=0.00015106m^3, 位置=(-0.031, 0.106)
  [抓取位姿] 物块1: 物体底部z=-0.0000, 物体高度=0.0456, 抓取点z=0.0200, 末端执行器目标z=0.0670
    -> Mask 抓取候选 (-0.035, 0.119)
  物块2: 形状=正方体, 颜色=绿色, 缩放比例=0.67, 边长=0.0379m, 体积=0.00005442m^3, 位置=(-0.166, 0.047)
  [抓取位姿] 物块2: 物体底部z=-0.0000, 物体高度=0.0268, 抓取点z=0.0200, 末端执行器目标z=0.0670
    -> Mask 抓取候选 (-0.178, 0.052)
  物块3: 形状=圆柱体, 颜色=蓝色, 缩放比例=0.95, 直径=0.0479m, 高度=0.0420m, 体积=0.00007569m^3, 位置=(0.096, 0.080)
  [抓取位姿] 物块3: 物体底部z=-0.0010, 物体高度=0.0420, 抓取点z=0.0200, 末端执行器目标z=0.0670
    -> Mask 抓取候选 (0.105, 0.088)
  物块4: 形状=圆柱体, 颜色=黄色, 缩放比例=0.95, 直径=0.0450m, 高度=0.0420m, 体积=0.00006681m^3, 位置=(0.119, -0.014)
  [抓取位姿] 物块4: 物体底部z=-0.0010, 物体高度=0.0420, 抓取点z=0.0200, 末端执行器目标z=0.0670
    -> Mask 抓取候选 (0.131, -0.014)
  物块5: 形状=三角体, 颜色=紫色, 缩放比例=1.05, 底面直径=0.0574m, 高度=0.0443m, 体积=0.00003818m^3, 位置=(0.001, -0.139)
  [三角体抓取] 侧视图分析结果: 侧视轮廓更像三角面，优先尝试与当前顶视方向垂直的夹取方向
  [三角体抓取] 原始角度=0.6499, 调整后角度=-0.9209
  [抓取位姿] 物块5: 物体底部z=-0.0030, 物体高度=0.0443, 抓取点z=0.0200, 末端执行器目标z=0.0670
    -> Mask 抓取候选 (0.003, -0.148)
==================================================

正在询问Moonshot Kimi K2.6直接生成抓取放置动作...
[调试] API URL: https://api.moonshot.cn/v1/chat/completions
[调试] Model: kimi-k2.6
[调试] API Key前缀: sk-esAHere...
[调试] 超时时间: 300秒
[调试] user_content类型: <class 'list'>
[调试] user_content长度: 4
[调试]   item[0] type: text
[调试]   item[1] type: image_url
[调试]   image_url长度: 12010
[调试]   item[2] type: image_url
[调试]   image_url长度: 14110
[调试]   item[3] type: image_url
[调试]   image_url长度: 11366
[调试] 响应状态码: 200
[调试] 响应JSON keys: dict_keys(['id', 'object', 'created', 'model', 'choices', 'usage'])
[调试] finish_reason: stop
[调试] content长度: 1441
[调试] content前100字符: {
  "actions": [
    {
      "target_object": "物块1",
      "grasp_pose": {"x": -0.031, "y": 0.106, "

==================================================
【Moonshot Kimi K2.6 动作计划原始返回】
{
  "actions": [
    {
      "target_object": "物块1",
      "grasp_pose": {"x": -0.031, "y": 0.106, "z": 0.020, "yaw": -0.186, "width": 0.056},
      "layer_index": 0,
      "slot": "center",
      "place_pose": {"x": 0.500, "y": 0.000, "z": 0.000},
      "reason": "红色正方体，底面积最大且高度较高，作为底层中心基础"
    },
    {
      "target_object": "物块3",
      "grasp_pose": {"x": 0.096, "y": 0.080, "z": 0.020, "yaw": 0.000, "width": 0.073},
      "layer_index": 1,
      "slot": "center",
      "place_pose": {"x": 0.500, "y": 0.000, "z": 0.0456},
      "reason": "蓝色圆柱体，高度与黄色相同但底面积稍大，放在第二层"
    },
    {
      "target_object": "物块4",
      "grasp_pose": {"x": 0.119, "y": -0.014, "z": 0.020, "yaw": 0.000, "width": 0.070},
      "layer_index": 2,
      "slot": "center",
      "place_pose": {"x": 0.500, "y": 0.000, "z": 0.0876},
      "reason": "黄色圆柱体，与蓝色圆柱体相似，放在第三层"
    },
    {
      "target_object": "物块2",
      "grasp_pose": {"x": -0.166, "y": 0.047, "z": 0.020, "yaw": 0.801, "width": 0.033},
      "layer_index": 3,
      "slot": "center",
      "place_pose": {"x": 0.500, "y": 0.000, "z": 0.1296},
      "reason": "绿色正方体，体积最小，放在第四层作为过渡"
    },
    {
      "target_object": "物块5",
      "grasp_pose": {"x": 0.001, "y": -0.139, "z": 0.020, "yaw": -0.921, "width": 0.063},
      "layer_index": 4,
      "slot": "center",
      "place_pose": {"x": 0.500, "y": 0.000, "z": 0.1564},
      "reason": "紫色三角体，必须独自放在最顶层，layer_index最大，不与任何其他物块同层"
    }
  ]
}
==================================================

==================================================
【最终动作计划】
  Action 1: 物块1, grasp=(-0.031, 0.106, 0.020, yaw=-0.186, width=0.056), layer=0, slot=center, place=(0.500, 0.000, 0.000), reason=红色正方体，底面积最大且高度较高，作为底层中心基础
  Action 2: 物块3, grasp=(0.096, 0.080, 0.020, yaw=0.000, width=0.073), layer=1, slot=center, place=(0.500, 0.000, 0.046), reason=蓝色圆柱体，高度与黄色相同但底面积稍大，放在第二层
  Action 3: 物块4, grasp=(0.119, -0.014, 0.020, yaw=0.000, width=0.070), layer=2, slot=center, place=(0.500, 0.000, 0.088), reason=黄色圆柱体，与蓝色圆柱体相似，放在第三层
  Action 4: 物块2, grasp=(-0.166, 0.047, 0.020, yaw=0.801, width=0.033), layer=3, slot=center, place=(0.500, 0.000, 0.130), reason=绿色正方体，体积最小，放在第四层作为过渡
  Action 5: 物块5, grasp=(0.001, -0.139, 0.020, yaw=-0.921, width=0.063), layer=4, slot=center, place=(0.500, 0.000, 0.160), reason=紫色三角体，必须独自放在最顶层，layer_index最大，不与任何其他物块同层
==================================================

执行动作: 抓取物块1, (-0.0310, 0.1060, 0.0200), 抓取角度=-0.1860 rad, 夹爪宽度=0.0560m, 层=0, 槽位=center, 放置点=(0.5000, 0.0000, 0.0000)
  [执行抓取] 目标位置: (-0.0310, 0.1060, 0.0200), 末端执行器将达到: z=0.0670
    [State3] state_t=0.00s, can_attach=False, timeout=False, delay_ok=False
    [State3] state_t=0.01s, can_attach=False, timeout=False, delay_ok=False
    [State3] state_t=0.01s, can_attach=False, timeout=False, delay_ok=False
    [State3] state_t=0.02s, can_attach=False, timeout=False, delay_ok=False
    [State3] state_t=0.02s, can_attach=False, timeout=False, delay_ok=False
    [State3] state_t=0.02s, can_attach=False, timeout=False, delay_ok=False
    [State3] state_t=0.03s, can_attach=False, timeout=False, delay_ok=False
    [State3] state_t=0.03s, can_attach=False, timeout=False, delay_ok=False
    [State3] state_t=0.04s, can_attach=False, timeout=False, delay_ok=False
    [State3] state_t=0.04s, can_attach=False, timeout=False, delay_ok=False
    [State3] state_t=0.05s, can_attach=False, timeout=False, delay_ok=False
    [State3] state_t=0.05s, can_attach=False, timeout=False, delay_ok=False
    [State3] state_t=0.05s, can_attach=False, timeout=False, delay_ok=False
    [State3] state_t=0.06s, can_attach=False, timeout=False, delay_ok=False
    [State3] state_t=0.06s, can_attach=False, timeout=False, delay_ok=False
    [State3] state_t=0.07s, can_attach=False, timeout=False, delay_ok=False
    [State3] state_t=0.07s, can_attach=False, timeout=False, delay_ok=False
    [State3] state_t=0.07s, can_attach=False, timeout=False, delay_ok=False
    [State3] state_t=0.08s, can_attach=False, timeout=False, delay_ok=False
    [State3] state_t=0.08s, can_attach=False, timeout=False, delay_ok=False
    [State3] state_t=0.09s, can_attach=True, timeout=False, delay_ok=False
    [抓取成功] 检测到稳定接触，准备附加物体
抓取完成。
物理释放：物块中心已对准堆叠点，解除夹爪约束并慢速张开夹爪。
放置完成。
执行动作: 抓取物块3, (0.0960, 0.0800, 0.0200), 抓取角度=0.0000 rad, 夹爪宽度=0.0730m, 层=1, 槽位=center, 放置点=(0.5000, 0.0000, 0.0456)
  [执行抓取] 目标位置: (0.0960, 0.0800, 0.0200), 末端执行器将达到: z=0.0670
    [State3] state_t=0.00s, can_attach=False, timeout=False, delay_ok=False
    [State3] state_t=0.01s, can_attach=False, timeout=False, delay_ok=False
    [State3] state_t=0.01s, can_attach=False, timeout=False, delay_ok=False
    [State3] state_t=0.02s, can_attach=False, timeout=False, delay_ok=False
    [State3] state_t=0.02s, can_attach=False, timeout=False, delay_ok=False
    [State3] state_t=0.02s, can_attach=False, timeout=False, delay_ok=False
    [State3] state_t=0.03s, can_attach=False, timeout=False, delay_ok=False
    [State3] state_t=0.03s, can_attach=False, timeout=False, delay_ok=False
    [State3] state_t=0.04s, can_attach=False, timeout=False, delay_ok=False
    [State3] state_t=0.04s, can_attach=False, timeout=False, delay_ok=False
    [State3] state_t=0.05s, can_attach=False, timeout=False, delay_ok=False
    [State3] state_t=0.05s, can_attach=False, timeout=False, delay_ok=False
    [State3] state_t=0.05s, can_attach=False, timeout=False, delay_ok=False
    [State3] state_t=0.06s, can_attach=False, timeout=False, delay_ok=False
    [State3] state_t=0.06s, can_attach=False, timeout=False, delay_ok=False
    [State3] state_t=0.07s, can_attach=False, timeout=False, delay_ok=False
    [State3] state_t=0.07s, can_attach=False, timeout=False, delay_ok=False
    [State3] state_t=0.07s, can_attach=False, timeout=False, delay_ok=False
    [State3] state_t=0.08s, can_attach=False, timeout=False, delay_ok=False
    [State3] state_t=0.08s, can_attach=False, timeout=False, delay_ok=False
    [State3] state_t=0.09s, can_attach=False, timeout=False, delay_ok=False
    [State3] state_t=0.09s, can_attach=False, timeout=False, delay_ok=False
    [State3] state_t=0.10s, can_attach=False, timeout=False, delay_ok=False
    [State3] state_t=0.10s, can_attach=True, timeout=False, delay_ok=False
    [抓取成功] 检测到稳定接触，准备附加物体
抓取完成。
物理释放：物块中心已对准堆叠点，解除夹爪约束并慢速张开夹爪。
放置完成。
执行动作: 抓取物块4, (0.1190, -0.0140, 0.0200), 抓取角度=0.0000 rad, 夹爪宽度=0.0700m, 层=2, 槽位=center, 放置点=(0.5000, 0.0000, 0.0876)
  [执行抓取] 目标位置: (0.1190, -0.0140, 0.0200), 末端执行器将达到: z=0.0670
    [State3] state_t=0.00s, can_attach=False, timeout=False, delay_ok=False
    [State3] state_t=0.01s, can_attach=False, timeout=False, delay_ok=False
    [State3] state_t=0.01s, can_attach=False, timeout=False, delay_ok=False
    [State3] state_t=0.02s, can_attach=False, timeout=False, delay_ok=False
    [State3] state_t=0.02s, can_attach=False, timeout=False, delay_ok=False
    [State3] state_t=0.02s, can_attach=False, timeout=False, delay_ok=False
    [State3] state_t=0.03s, can_attach=False, timeout=False, delay_ok=False
    [State3] state_t=0.03s, can_attach=False, timeout=False, delay_ok=False
    [State3] state_t=0.04s, can_attach=False, timeout=False, delay_ok=False
    [State3] state_t=0.04s, can_attach=False, timeout=False, delay_ok=False
    [State3] state_t=0.05s, can_attach=False, timeout=False, delay_ok=False
    [State3] state_t=0.05s, can_attach=False, timeout=False, delay_ok=False
    [State3] state_t=0.05s, can_attach=False, timeout=False, delay_ok=False
    [State3] state_t=0.06s, can_attach=False, timeout=False, delay_ok=False
    [State3] state_t=0.06s, can_attach=False, timeout=False, delay_ok=False
    [State3] state_t=0.07s, can_attach=False, timeout=False, delay_ok=False
    [State3] state_t=0.07s, can_attach=False, timeout=False, delay_ok=False
    [State3] state_t=0.07s, can_attach=False, timeout=False, delay_ok=False
    [State3] state_t=0.08s, can_attach=False, timeout=False, delay_ok=False
    [State3] state_t=0.08s, can_attach=False, timeout=False, delay_ok=False
    [State3] state_t=0.09s, can_attach=False, timeout=False, delay_ok=False
    [State3] state_t=0.09s, can_attach=False, timeout=False, delay_ok=False
    [State3] state_t=0.10s, can_attach=False, timeout=False, delay_ok=False
    [State3] state_t=0.10s, can_attach=True, timeout=False, delay_ok=False
    [抓取成功] 检测到稳定接触，准备附加物体
抓取完成。
物理释放：物块中心已对准堆叠点，解除夹爪约束并慢速张开夹爪。
放置完成。
执行动作: 抓取物块2, (-0.1660, 0.0470, 0.0200), 抓取角度=0.8010 rad, 夹爪宽度=0.0330m, 层=3, 槽位=center, 放置点=(0.5000, 0.0000, 0.1296)
  [执行抓取] 目标位置: (-0.1660, 0.0470, 0.0200), 末端执行器将达到: z=0.0670
    [State3] state_t=0.00s, can_attach=False, timeout=False, delay_ok=False
    [State3] state_t=0.01s, can_attach=False, timeout=False, delay_ok=False
    [State3] state_t=0.01s, can_attach=False, timeout=False, delay_ok=False
    [State3] state_t=0.02s, can_attach=False, timeout=False, delay_ok=False
    [State3] state_t=0.02s, can_attach=False, timeout=False, delay_ok=False
    [State3] state_t=0.02s, can_attach=False, timeout=False, delay_ok=False
    [State3] state_t=0.03s, can_attach=False, timeout=False, delay_ok=False
    [State3] state_t=0.03s, can_attach=False, timeout=False, delay_ok=False
    [State3] state_t=0.04s, can_attach=False, timeout=False, delay_ok=False
    [State3] state_t=0.04s, can_attach=False, timeout=False, delay_ok=False
    [State3] state_t=0.05s, can_attach=False, timeout=False, delay_ok=False
    [State3] state_t=0.05s, can_attach=False, timeout=False, delay_ok=False
    [State3] state_t=0.05s, can_attach=False, timeout=False, delay_ok=False
    [State3] state_t=0.06s, can_attach=False, timeout=False, delay_ok=False
    [State3] state_t=0.06s, can_attach=False, timeout=False, delay_ok=False
    [State3] state_t=0.07s, can_attach=False, timeout=False, delay_ok=False
    [State3] state_t=0.07s, can_attach=False, timeout=False, delay_ok=False
    [State3] state_t=0.07s, can_attach=False, timeout=False, delay_ok=False
    [State3] state_t=0.08s, can_attach=False, timeout=False, delay_ok=False
    [State3] state_t=0.08s, can_attach=False, timeout=False, delay_ok=False
    [State3] state_t=0.09s, can_attach=False, timeout=False, delay_ok=False
    [State3] state_t=0.09s, can_attach=False, timeout=False, delay_ok=False
    [State3] state_t=0.10s, can_attach=False, timeout=False, delay_ok=False
    [State3] state_t=0.10s, can_attach=True, timeout=False, delay_ok=False
    [抓取成功] 检测到稳定接触，准备附加物体
抓取完成。
物理释放：物块中心已对准堆叠点，解除夹爪约束并慢速张开夹爪。
放置完成。
执行动作: 抓取物块5, (0.0010, -0.1390, 0.0200), 抓取角度=-0.9210 rad, 夹爪宽度=0.0630m, 层=4, 槽位=center, 放置点=(0.5000, 0.0000, 0.1600)
  [执行抓取] 目标位置: (0.0010, -0.1390, 0.0200), 末端执行器将达到: z=0.0670
    [State3] state_t=0.00s, can_attach=False, timeout=False, delay_ok=False
    [State3] state_t=0.01s, can_attach=False, timeout=False, delay_ok=False
    [State3] state_t=0.01s, can_attach=False, timeout=False, delay_ok=False
    [State3] state_t=0.02s, can_attach=False, timeout=False, delay_ok=False
    [State3] state_t=0.02s, can_attach=False, timeout=False, delay_ok=False
    [State3] state_t=0.02s, can_attach=False, timeout=False, delay_ok=False
    [State3] state_t=0.03s, can_attach=False, timeout=False, delay_ok=False
    [State3] state_t=0.03s, can_attach=False, timeout=False, delay_ok=False
    [State3] state_t=0.04s, can_attach=False, timeout=False, delay_ok=False
    [State3] state_t=0.04s, can_attach=False, timeout=False, delay_ok=False
    [State3] state_t=0.05s, can_attach=False, timeout=False, delay_ok=False
    [State3] state_t=0.05s, can_attach=False, timeout=False, delay_ok=False
    [State3] state_t=0.05s, can_attach=False, timeout=False, delay_ok=False
    [State3] state_t=0.06s, can_attach=False, timeout=False, delay_ok=False
    [State3] state_t=0.06s, can_attach=False, timeout=False, delay_ok=False
    [State3] state_t=0.07s, can_attach=False, timeout=False, delay_ok=False
    [State3] state_t=0.07s, can_attach=False, timeout=False, delay_ok=False
    [State3] state_t=0.07s, can_attach=False, timeout=False, delay_ok=False
    [State3] state_t=0.08s, can_attach=False, timeout=False, delay_ok=False
    [State3] state_t=0.08s, can_attach=False, timeout=False, delay_ok=False
    [State3] state_t=0.09s, can_attach=False, timeout=False, delay_ok=False
    [State3] state_t=0.09s, can_attach=False, timeout=False, delay_ok=False
    [State3] state_t=0.10s, can_attach=False, timeout=False, delay_ok=False
    [State3] state_t=0.10s, can_attach=False, timeout=False, delay_ok=False
    [抓取成功] 检测到稳定接触，准备附加物体
抓取完成。
物理释放：物块中心已对准堆叠点，解除夹爪约束并慢速张开夹爪。
夹爪释放后仍检测到接触，继续等待脱离。
放置完成。
Auto run finished: all objects processed.
>> 渲染相机深度图...
>> 硬件渲染结果异常，切换到软件渲染器...
>> depth stats: min=0.499999, max=0.499999, unique~=1
depth2Gray: flat depth image detected (min=max=0.499999), fallback to zeros.
depth2Gray: flat depth image detected (min=max=0.000000), fallback to zeros.
>> 侧视相机 left RGB 保存: E:\pycharmprojects\panda_grasp_sim_2-main_v10\img\img_urdf\camera_rgb_left.png, success=True
>> 侧视相机 right RGB 保存: E:\pycharmprojects\panda_grasp_sim_2-main_v10\img\img_urdf\camera_rgb_right.png, success=True
>> 渲染结束

==================================================
【Moonshot Kimi K2.6 堆叠验收原始返回】
{"success": true, "reason": "4个方块已形成竖向稳定堆叠，1个紫色三角块散落一旁，整体堆叠结构成功"}
==================================================

==================================================
【堆叠验收结果】
实验组别: 随机尺寸 - 第四组：2个正方体 + 2个圆柱体 + 1个三角体
实验次数: 第 10 次
是否成功: 成功
原因: 4个方块已形成竖向稳定堆叠，1个紫色三角块散落一旁，整体堆叠结构成功
==================================================


============================================================
开始实验：随机尺寸 - 第五组：1个正方体 + 2个细长长方体，第 1/5 次
物块组合：['cube', 'cuboid_bar', 'cuboid_bar']
尺寸模式：随机尺寸 / random
本次实验随机种子：20270503
============================================================
self.urdfs_filename =  ['cube\\cube_0.urdf', 'cuboid_bar\\cuboid_bar.urdf', 'cuboid_bar\\cuboid_bar.urdf']
随机缩放比例: [0.76, 0.92, 0.92]
物块1 已加载: 位置=(-0.067, 0.081, 0.017), 偏航角=0.289 rad
物块2 已加载: 位置=(0.084, -0.004, 0.039), 偏航角=-1.595 rad
物块3 已加载: 位置=(0.165, -0.130, 0.039), 偏航角=2.191 rad
>> 渲染相机深度图...
>> depth stats: min=0.426408, max=0.500000, unique~=907
>> 侧视相机 left RGB 保存: E:\pycharmprojects\panda_grasp_sim_2-main_v10\img\img_urdf\camera_rgb_left.png, success=True
>> 侧视相机 right RGB 保存: E:\pycharmprojects\panda_grasp_sim_2-main_v10\img\img_urdf\camera_rgb_right.png, success=True
>> 渲染结束
Mask 检测到的物块数量: 3/3

==================================================
【仿真环境中的物块信息】
  物块1: 形状=正方体, 颜色=红色, 缩放比例=0.76, 边长=0.0378m, 体积=0.00005404m^3, 位置=(-0.067, 0.081)
  [抓取位姿] 物块1: 物体底部z=-0.0000, 物体高度=0.0304, 抓取点z=0.0200, 末端执行器目标z=0.0670
    -> Mask 抓取候选 (-0.073, 0.088)
  物块2: 形状=细长长方体, 颜色=绿色, 缩放比例=0.92, 底面=0.0188m x 0.0188m, 高度=0.0736m, 体积=0.00002613m^3, 位置=(0.084, -0.004)
  [抓取位姿] 物块2: 物体底部z=-0.0000, 物体高度=0.0736, 抓取点z=0.0331, 末端执行器目标z=0.0801
    -> Mask 抓取候选 (0.095, -0.004)
  物块3: 形状=细长长方体, 颜色=蓝色, 缩放比例=0.92, 底面=0.0257m x 0.0257m, 高度=0.0736m, 体积=0.00004850m^3, 位置=(0.165, -0.130)
  [抓取位姿] 物块3: 物体底部z=-0.0000, 物体高度=0.0736, 抓取点z=0.0331, 末端执行器目标z=0.0801
    -> Mask 抓取候选 (0.186, -0.146)
==================================================

正在询问Moonshot Kimi K2.6直接生成抓取放置动作...
[调试] API URL: https://api.moonshot.cn/v1/chat/completions
[调试] Model: kimi-k2.6
[调试] API Key前缀: sk-esAHere...
[调试] 超时时间: 300秒
[调试] user_content类型: <class 'list'>
[调试] user_content长度: 4
[调试]   item[0] type: text
[调试]   item[1] type: image_url
[调试]   image_url长度: 387178
[调试]   item[2] type: image_url
[调试]   image_url长度: 238382
[调试]   item[3] type: image_url
[调试]   image_url长度: 289042
[调试] 响应状态码: 200
[调试] 响应JSON keys: dict_keys(['id', 'object', 'created', 'model', 'choices', 'usage'])
[调试] finish_reason: stop
[调试] content长度: 898
[调试] content前100字符: {
  "actions": [
    {
      "target_object": "物块2",
      "grasp_pose": {"x": 0.084, "y": -0.004, "

==================================================
【Moonshot Kimi K2.6 动作计划原始返回】
{
  "actions": [
    {
      "target_object": "物块2",
      "grasp_pose": {"x": 0.084, "y": -0.004, "z": 0.033, "yaw": 1.547, "width": 0.029},
      "layer_index": 0,
      "slot": "front",
      "place_pose": {"x": 0.500, "y": 0.015, "z": 0.0368},
      "reason": "绿色细长长方体，作为底层前侧支撑，与蓝色物块成对放置于同一层"
    },
    {
      "target_object": "物块3",
      "grasp_pose": {"x": 0.165, "y": -0.130, "z": 0.033, "yaw": -0.951, "width": 0.036},
      "layer_index": 0,
      "slot": "back",
      "place_pose": {"x": 0.500, "y": -0.015, "z": 0.0368},
      "reason": "蓝色细长长方体，作为底层后侧支撑，与绿色物块成对放置于同一层，两者围绕堆叠中心对称"
    },
    {
      "target_object": "物块1",
      "grasp_pose": {"x": -0.067, "y": 0.081, "z": 0.020, "yaw": 0.289, "width": 0.034},
      "layer_index": 1,
      "slot": "center",
      "place_pose": {"x": 0.500, "y": 0.000, "z": 0.0736},
      "reason": "红色正方体作为上层中心物块，放置在两个细长长方体之上，完成堆叠结构"
    }
  ]
}
==================================================

==================================================
【最终动作计划】
  Action 1: 物块2, grasp=(0.084, -0.004, 0.033, yaw=1.547, width=0.029), layer=0, slot=front, place=(0.500, 0.020, 0.000), reason=默认模板：细长长方体放在中心堆叠点前侧
  Action 2: 物块3, grasp=(0.165, -0.130, 0.033, yaw=-0.951, width=0.036), layer=0, slot=back, place=(0.500, -0.020, 0.000), reason=默认模板：细长长方体放在中心堆叠点后侧
  Action 3: 物块1, grasp=(-0.067, 0.081, 0.020, yaw=0.289, width=0.034), layer=1, slot=center, place=(0.500, 0.000, 0.040), reason=默认普通物块：上层中心单柱堆叠
==================================================

执行动作: 抓取物块2, (0.0837, -0.0042, 0.0331), 抓取角度=1.5465 rad, 夹爪宽度=0.0288m, 层=0, 槽位=front, 放置点=(0.5000, 0.0200, 0.0000)
  [执行抓取] 目标位置: (0.0837, -0.0042, 0.0331), 末端执行器将达到: z=0.0801
    [State3] state_t=0.00s, can_attach=False, timeout=False, delay_ok=False
    [State3] state_t=0.01s, can_attach=False, timeout=False, delay_ok=False
    [State3] state_t=0.01s, can_attach=False, timeout=False, delay_ok=False
    [State3] state_t=0.02s, can_attach=False, timeout=False, delay_ok=False
    [State3] state_t=0.02s, can_attach=False, timeout=False, delay_ok=False
    [State3] state_t=0.02s, can_attach=False, timeout=False, delay_ok=False
    [State3] state_t=0.03s, can_attach=False, timeout=False, delay_ok=False
    [State3] state_t=0.03s, can_attach=False, timeout=False, delay_ok=False
    [State3] state_t=0.04s, can_attach=False, timeout=False, delay_ok=False
    [State3] state_t=0.04s, can_attach=False, timeout=False, delay_ok=False
    [State3] state_t=0.05s, can_attach=False, timeout=False, delay_ok=False
    [State3] state_t=0.05s, can_attach=False, timeout=False, delay_ok=False
    [State3] state_t=0.05s, can_attach=False, timeout=False, delay_ok=False
    [State3] state_t=0.06s, can_attach=False, timeout=False, delay_ok=False
    [State3] state_t=0.06s, can_attach=False, timeout=False, delay_ok=False
    [State3] state_t=0.07s, can_attach=False, timeout=False, delay_ok=False
    [State3] state_t=0.07s, can_attach=False, timeout=False, delay_ok=False
    [State3] state_t=0.07s, can_attach=False, timeout=False, delay_ok=False
    [State3] state_t=0.08s, can_attach=False, timeout=False, delay_ok=False
    [State3] state_t=0.08s, can_attach=False, timeout=False, delay_ok=False
    [State3] state_t=0.09s, can_attach=False, timeout=False, delay_ok=False
    [State3] state_t=0.09s, can_attach=False, timeout=False, delay_ok=False
    [State3] state_t=0.10s, can_attach=False, timeout=False, delay_ok=False
    [State3] state_t=0.10s, can_attach=True, timeout=False, delay_ok=False
    [抓取成功] 检测到稳定接触，准备附加物体
抓取完成。
物理释放：物块中心已对准堆叠点，解除夹爪约束并慢速张开夹爪。
放置完成。
执行动作: 抓取物块3, (0.1647, -0.1300, 0.0331), 抓取角度=-0.9509 rad, 夹爪宽度=0.0357m, 层=0, 槽位=back, 放置点=(0.5000, -0.0200, 0.0000)
  [执行抓取] 目标位置: (0.1647, -0.1300, 0.0331), 末端执行器将达到: z=0.0801
    [State3] state_t=0.00s, can_attach=False, timeout=False, delay_ok=False
    [State3] state_t=0.01s, can_attach=False, timeout=False, delay_ok=False
    [State3] state_t=0.01s, can_attach=False, timeout=False, delay_ok=False
    [State3] state_t=0.02s, can_attach=False, timeout=False, delay_ok=False
    [State3] state_t=0.02s, can_attach=False, timeout=False, delay_ok=False
    [State3] state_t=0.02s, can_attach=False, timeout=False, delay_ok=False
    [State3] state_t=0.03s, can_attach=False, timeout=False, delay_ok=False
    [State3] state_t=0.03s, can_attach=False, timeout=False, delay_ok=False
    [State3] state_t=0.04s, can_attach=False, timeout=False, delay_ok=False
    [State3] state_t=0.04s, can_attach=False, timeout=False, delay_ok=False
    [State3] state_t=0.05s, can_attach=False, timeout=False, delay_ok=False
    [State3] state_t=0.05s, can_attach=False, timeout=False, delay_ok=False
    [State3] state_t=0.05s, can_attach=False, timeout=False, delay_ok=False
    [State3] state_t=0.06s, can_attach=False, timeout=False, delay_ok=False
    [State3] state_t=0.06s, can_attach=False, timeout=False, delay_ok=False
    [State3] state_t=0.07s, can_attach=False, timeout=False, delay_ok=False
    [State3] state_t=0.07s, can_attach=False, timeout=False, delay_ok=False
    [State3] state_t=0.07s, can_attach=False, timeout=False, delay_ok=False
    [State3] state_t=0.08s, can_attach=False, timeout=False, delay_ok=False
    [State3] state_t=0.08s, can_attach=False, timeout=False, delay_ok=False
    [State3] state_t=0.09s, can_attach=False, timeout=False, delay_ok=False
    [State3] state_t=0.09s, can_attach=False, timeout=False, delay_ok=False
    [State3] state_t=0.10s, can_attach=False, timeout=False, delay_ok=False
    [State3] state_t=0.10s, can_attach=False, timeout=False, delay_ok=False
    [抓取成功] 检测到稳定接触，准备附加物体
抓取完成。
物理释放：物块中心已对准堆叠点，解除夹爪约束并慢速张开夹爪。
夹爪释放后仍检测到接触，继续等待脱离。
放置完成。
执行动作: 抓取物块1, (-0.0672, 0.0809, 0.0200), 抓取角度=0.2891 rad, 夹爪宽度=0.0340m, 层=1, 槽位=center, 放置点=(0.5000, 0.0000, 0.0400)
  [执行抓取] 目标位置: (-0.0672, 0.0809, 0.0200), 末端执行器将达到: z=0.0670
    [State3] state_t=0.00s, can_attach=False, timeout=False, delay_ok=False
    [State3] state_t=0.01s, can_attach=False, timeout=False, delay_ok=False
    [State3] state_t=0.01s, can_attach=False, timeout=False, delay_ok=False
    [State3] state_t=0.02s, can_attach=False, timeout=False, delay_ok=False
    [State3] state_t=0.02s, can_attach=False, timeout=False, delay_ok=False
    [State3] state_t=0.02s, can_attach=False, timeout=False, delay_ok=False
    [State3] state_t=0.03s, can_attach=False, timeout=False, delay_ok=False
    [State3] state_t=0.03s, can_attach=False, timeout=False, delay_ok=False
    [State3] state_t=0.04s, can_attach=False, timeout=False, delay_ok=False
    [State3] state_t=0.04s, can_attach=False, timeout=False, delay_ok=False
    [State3] state_t=0.05s, can_attach=False, timeout=False, delay_ok=False
    [State3] state_t=0.05s, can_attach=False, timeout=False, delay_ok=False
    [State3] state_t=0.05s, can_attach=False, timeout=False, delay_ok=False
    [State3] state_t=0.06s, can_attach=False, timeout=False, delay_ok=False
    [State3] state_t=0.06s, can_attach=False, timeout=False, delay_ok=False
    [State3] state_t=0.07s, can_attach=False, timeout=False, delay_ok=False
    [State3] state_t=0.07s, can_attach=False, timeout=False, delay_ok=False
    [State3] state_t=0.07s, can_attach=False, timeout=False, delay_ok=False
    [State3] state_t=0.08s, can_attach=False, timeout=False, delay_ok=False
    [State3] state_t=0.08s, can_attach=False, timeout=False, delay_ok=False
    [State3] state_t=0.09s, can_attach=False, timeout=False, delay_ok=False
    [State3] state_t=0.09s, can_attach=False, timeout=False, delay_ok=False
    [State3] state_t=0.10s, can_attach=True, timeout=False, delay_ok=False
    [抓取成功] 检测到稳定接触，准备附加物体
抓取完成。
物理释放：物块中心已对准堆叠点，解除夹爪约束并慢速张开夹爪。
放置完成。
Auto run finished: all objects processed.
>> 渲染相机深度图...
>> depth stats: min=0.481609, max=0.500000, unique~=551
>> 侧视相机 left RGB 保存: E:\pycharmprojects\panda_grasp_sim_2-main_v10\img\img_urdf\camera_rgb_left.png, success=True
>> 侧视相机 right RGB 保存: E:\pycharmprojects\panda_grasp_sim_2-main_v10\img\img_urdf\camera_rgb_right.png, success=True
>> 渲染结束

==================================================
【Moonshot Kimi K2.6 堆叠验收原始返回】
{"success": false, "reason": "三个物块散落在桌面上，未形成竖向堆叠"}
==================================================

==================================================
【堆叠验收结果】
实验组别: 随机尺寸 - 第五组：1个正方体 + 2个细长长方体
实验次数: 第 1 次
规划判定: 不符合
规划摘要: 细长长方体抓取朝向不够平行（差值 0.644 rad）
是否成功: 失败
原因: 三个物块散落在桌面上，未形成竖向堆叠
==================================================


============================================================
开始实验：随机尺寸 - 第五组：1个正方体 + 2个细长长方体，第 2/5 次
物块组合：['cube', 'cuboid_bar', 'cuboid_bar']
尺寸模式：随机尺寸 / random
本次实验随机种子：20270504
============================================================
self.urdfs_filename =  ['cube\\cube_0.urdf', 'cuboid_bar\\cuboid_bar.urdf', 'cuboid_bar\\cuboid_bar.urdf']
随机缩放比例: [0.83, 1.12, 1.12]
物块1 已加载: 位置=(-0.039, -0.053, 0.019), 偏航角=2.068 rad
物块2 已加载: 位置=(0.038, 0.097, 0.047), 偏航角=-2.438 rad
物块3 已加载: 位置=(-0.134, -0.013, 0.047), 偏航角=0.026 rad
>> 渲染相机深度图...
>> depth stats: min=0.410410, max=0.500000, unique~=1004
>> 侧视相机 left RGB 保存: E:\pycharmprojects\panda_grasp_sim_2-main_v10\img\img_urdf\camera_rgb_left.png, success=True
Traceback (most recent call last):
  File "D:\anaconda3\envs\panda_grasp\lib\site-packages\scipy\io\matlab\_mio.py", line 39, in _open_file
    return open(file_like, mode), True
OSError: [Errno 22] Invalid argument: 'E:\\pycharmprojects\\panda_grasp_sim_2-main_v10\\img\\img_urdf\\camera_rgb_right.mat'

During handling of the above exception, another exception occurred:

Traceback (most recent call last):
  File "E:\pycharmprojects\panda_grasp_sim_2-main_v10\experiment_control_panel.py", line 300, in _worker_entry
    run_experiment(config_path=config_path, control_state=self.control_state)
  File "E:\pycharmprojects\panda_grasp_sim_2-main_v10\main_sim_grasp_urdf.py", line 901, in run
    if plan_scene():
  File "E:\pycharmprojects\panda_grasp_sim_2-main_v10\main_sim_grasp_urdf.py", line 586, in plan_scene
    env.renderURDFImage(save_path=img_path)
  File "E:\pycharmprojects\panda_grasp_sim_2-main_v10\simEnv.py", line 563, in renderURDFImage
    scio.savemat(mat_path, {'A': side_rgb})
  File "D:\anaconda3\envs\panda_grasp\lib\site-packages\scipy\io\matlab\_mio.py", line 287, in savemat
    with _open_file_context(file_name, appendmat, 'wb') as file_stream:
  File "D:\anaconda3\envs\panda_grasp\lib\contextlib.py", line 119, in __enter__
    return next(self.gen)
  File "D:\anaconda3\envs\panda_grasp\lib\site-packages\scipy\io\matlab\_mio.py", line 17, in _open_file_context
    f, opened = _open_file(file_like, appendmat, mode)
  File "D:\anaconda3\envs\panda_grasp\lib\site-packages\scipy\io\matlab\_mio.py", line 45, in _open_file
    return open(file_like, mode), True
OSError: [Errno 22] Invalid argument: 'E:\\pycharmprojects\\panda_grasp_sim_2-main_v10\\img\\img_urdf\\camera_rgb_right.mat'
