当前配置文件：E:\pycharmprojects\panda_grasp_sim_2-main_v10\runs\control_panel_configs\panel_launch_20260504_023720_232630.json
实验运行目录：E:\pycharmprojects\panda_grasp_sim_2-main_v10\runs\run_20260504_023722_188309_seed20260503
已保留前面记录，并保留当前组前 0 次记录，将从 随机尺寸 - 第三组：3个正方体 + 2个圆柱体 第 1 次重新开始。

============================================================
开始实验：随机尺寸 - 第三组：3个正方体 + 2个圆柱体，第 1/10 次
物块组合：['cube', 'cube', 'cube', 'cylinder', 'cylinder']
尺寸模式：随机尺寸 / random
本次实验随机种子：20268503
============================================================
self.urdfs_filename =  ['cube\\cube_0.urdf', 'cube\\cube_1.urdf', 'cube\\cube_2.urdf', 'cylinder\\cylinder.urdf', 'cylinder\\cylinder.urdf']
随机缩放比例: [0.87, 0.71, 1.0, 1.19, 0.94]
物块1 已加载: 位置=(-0.152, -0.104, 0.019), 偏航角=-0.415 rad
物块2 已加载: 位置=(0.094, -0.021, 0.016), 偏航角=1.976 rad
物块3 已加载: 位置=(-0.169, 0.045, 0.022), 偏航角=-0.582 rad
物块4 已加载: 位置=(-0.005, 0.021, 0.026), 偏航角=-2.127 rad
物块5 已加载: 位置=(-0.012, -0.139, 0.021), 偏航角=0.074 rad
Auto run enabled: experiment scheduler is active.
>> 渲染相机深度图...
>> depth stats: min=0.450411, max=0.500000, unique~=1844
>> 侧视相机 left RGB 保存: E:\pycharmprojects\panda_grasp_sim_2-main_v10\img\img_urdf\camera_rgb_left.png, success=True
>> 侧视相机 right RGB 保存: E:\pycharmprojects\panda_grasp_sim_2-main_v10\img\img_urdf\camera_rgb_right.png, success=True
>> 渲染结束
Mask 检测到的物块数量: 5/5

==================================================
【仿真环境中的物块信息】
  物块1: 形状=正方体, 颜色=红色, 缩放比例=0.87, 边长=0.0459m, 体积=0.00009659m^3, 位置=(-0.152, -0.104)
  [抓取位姿] 物块1: 物体底部z=-0.0000, 物体高度=0.0348, 抓取点z=0.0200, 末端执行器目标z=0.0670
    -> Mask 抓取候选 (-0.165, -0.112)
  物块2: 形状=正方体, 颜色=绿色, 缩放比例=0.71, 边长=0.0373m, 体积=0.00005186m^3, 位置=(0.094, -0.021)
  [抓取位姿] 物块2: 物体底部z=-0.0000, 物体高度=0.0284, 抓取点z=0.0200, 末端执行器目标z=0.0670
    -> Mask 抓取候选 (0.101, -0.022)
  物块3: 形状=正方体, 颜色=蓝色, 缩放比例=1.00, 边长=0.0554m, 体积=0.00017001m^3, 位置=(-0.169, 0.045)
  [抓取位姿] 物块3: 物体底部z=-0.0000, 物体高度=0.0400, 抓取点z=0.0200, 末端执行器目标z=0.0670
    -> Mask 抓取候选 (-0.185, 0.049)
  物块4: 形状=圆柱体, 颜色=黄色, 缩放比例=1.19, 直径=0.0711m, 高度=0.0516m, 体积=0.00020467m^3, 位置=(-0.005, 0.021)
  [抓取位姿] 物块4: 物体底部z=-0.0010, 物体高度=0.0516, 抓取点z=0.0207, 末端执行器目标z=0.0677
    -> Mask 抓取候选 (-0.007, 0.025)
  物块5: 形状=圆柱体, 颜色=紫色, 缩放比例=0.94, 直径=0.0446m, 高度=0.0416m, 体积=0.00006486m^3, 位置=(-0.012, -0.139)
  [抓取位姿] 物块5: 物体底部z=-0.0010, 物体高度=0.0416, 抓取点z=0.0200, 末端执行器目标z=0.0670
    -> Mask 抓取候选 (-0.014, -0.151)
==================================================

正在询问Moonshot Kimi K2.6直接生成抓取放置动作...
调用 Moonshot Kimi K2.6 动作规划失败: Invalid leading whitespace, reserved character(s), or return character(s) in header value: 'Bearer 正在询问Moonshot Kimi K2.6直接生成抓取放置动作...\n调用 Moonshot Kimi K2.6 动作规划失败: 400 Client Error: Bad Request for url: https://api.moonshot.cn/v1/chat/completions'

==================================================
【最终动作计划】
  Action 1: 物块4, grasp=(-0.005, 0.021, 0.021, yaw=0.000, width=0.080), layer=0, slot=center, place=(0.500, 0.000, 0.000), reason=默认规则规划：按稳定性与形状约束单柱堆叠
  Action 2: 物块3, grasp=(-0.169, 0.045, 0.020, yaw=-0.582, width=0.050), layer=1, slot=center, place=(0.500, 0.000, 0.040), reason=默认规则规划：按稳定性与形状约束单柱堆叠
  Action 3: 物块1, grasp=(-0.152, -0.104, 0.020, yaw=-0.415, width=0.045), layer=2, slot=center, place=(0.500, 0.000, 0.080), reason=默认规则规划：按稳定性与形状约束单柱堆叠
  Action 4: 物块5, grasp=(-0.012, -0.139, 0.020, yaw=0.000, width=0.070), layer=3, slot=center, place=(0.500, 0.000, 0.120), reason=默认规则规划：按稳定性与形状约束单柱堆叠
  Action 5: 物块2, grasp=(0.094, -0.021, 0.020, yaw=-1.166, width=0.034), layer=4, slot=center, place=(0.500, 0.000, 0.160), reason=默认规则规划：按稳定性与形状约束单柱堆叠
==================================================

执行动作: 抓取物块4, (-0.0053, 0.0207, 0.0207), 抓取角度=0.0000 rad, 夹爪宽度=0.0800m, 层=0, 槽位=center, 放置点=(0.5000, 0.0000, 0.0000)
  [执行抓取] 目标位置: (-0.0053, 0.0207, 0.0207), 末端执行器将达到: z=0.0677
